"../../../Engine/Content/EngineMaterials/T_Default_Material_Grid_M.ubulk" 0
"../../../Engine/Content/EngineMaterials/T_Default_Material_Grid_M.uasset" 1
"../../../Engine/Content/EngineMaterials/T_Default_Material_Grid_M.uexp" 2
"../../../Engine/Content/EngineMaterials/T_Default_Material_Grid_N.ubulk" 3
"../../../Engine/Content/EngineMaterials/T_Default_Material_Grid_N.uasset" 4
"../../../Engine/Content/EngineMaterials/T_Default_Material_Grid_N.uexp" 5
"../../../Engine/Content/Functions/Engine_MaterialFunctions01/Opacity/CameraDepthFade.uasset" 6
"../../../Engine/Content/Functions/Engine_MaterialFunctions01/Opacity/CameraDepthFade.uexp" 7
"../../../Engine/Content/EngineMaterials/DefaultMaterial.uasset" 8
"../../../Engine/Content/EngineMaterials/DefaultMaterial.uexp" 9
"../../../Engine/Content/BasicShapes/Sphere.ubulk" 10
"../../../Engine/Content/BasicShapes/Sphere.uasset" 11
"../../../Engine/Content/BasicShapes/Sphere.uexp" 12
"../../../Engine/Content/EngineMaterials/WorldGridMaterial.uasset" 13
"../../../Engine/Content/EngineMaterials/WorldGridMaterial.uexp" 14
"../../../Engine/Content/BasicShapes/Plane.ubulk" 15
"../../../Engine/Content/BasicShapes/Plane.uasset" 16
"../../../Engine/Content/BasicShapes/Plane.uexp" 17
"../../../Engine/Content/BasicShapes/Cylinder.ubulk" 18
"../../../Engine/Content/BasicShapes/Cylinder.uasset" 19
"../../../Engine/Content/BasicShapes/Cylinder.uexp" 20
"../../../Engine/Content/BasicShapes/Cube.ubulk" 21
"../../../Engine/Content/BasicShapes/Cube.uasset" 22
"../../../Engine/Content/BasicShapes/Cube.uexp" 23
"../../../Engine/Content/BasicShapes/Cone.ubulk" 24
"../../../Engine/Content/BasicShapes/Cone.uasset" 25
"../../../Engine/Content/BasicShapes/Cone.uexp" 26
"../../../Engine/Content/ArtTools/RenderToTexture/Meshes/S_1_Unit_Plane.ubulk" 27
"../../../Engine/Content/ArtTools/RenderToTexture/Meshes/S_1_Unit_Plane.uasset" 28
"../../../Engine/Content/ArtTools/RenderToTexture/Meshes/S_1_Unit_Plane.uexp" 29
"../../../Engine/Content/EditorLandscapeResources/DefaultAlphaTexture.uasset" 30
"../../../Engine/Content/EditorLandscapeResources/DefaultAlphaTexture.uexp" 31
"../../../Engine/Content/EditorLandscapeResources/DataLayer.uasset" 32
"../../../Engine/Content/EditorLandscapeResources/DataLayer.uexp" 33
"../../../Engine/Content/EditorMaterials/PreviewShadowIndicator.ubulk" 34
"../../../Engine/Content/EditorMaterials/PreviewShadowIndicator.uasset" 35
"../../../Engine/Content/EditorMaterials/PreviewShadowIndicator.uexp" 36
"../../../Engine/Content/EditorMaterials/PreviewShadowIndicatorMaterial.uasset" 37
"../../../Engine/Content/EditorMaterials/PreviewShadowIndicatorMaterial.uexp" 38
"../../../Engine/Content/EditorMaterials/MAT_Groups_Visibility.uasset" 39
"../../../Engine/Content/EditorMaterials/MAT_Groups_Visibility.uexp" 40
"../../../Engine/Content/EditorMaterials/MAT_Groups_Toggle.uasset" 41
"../../../Engine/Content/EditorMaterials/MAT_Groups_Toggle.uexp" 42
"../../../Engine/Content/EditorMaterials/Camera/CineMat.uasset" 43
"../../../Engine/Content/EditorMaterials/Camera/CineMat.uexp" 44
"../../../Engine/Content/EditorMaterials/Camera/MI_CineMat_Rig.uasset" 45
"../../../Engine/Content/EditorMaterials/Camera/MI_CineMat_Rig.uexp" 46
"../../../Engine/Content/EditorMeshes/Camera/SM_RailRig_Track.ubulk" 47
"../../../Engine/Content/EditorMeshes/Camera/SM_RailRig_Track.uasset" 48
"../../../Engine/Content/EditorMeshes/Camera/SM_RailRig_Track.uexp" 49
"../../../Engine/Content/EditorMeshes/Camera/SM_RailRig_Mount.ubulk" 50
"../../../Engine/Content/EditorMeshes/Camera/SM_RailRig_Mount.uasset" 51
"../../../Engine/Content/EditorMeshes/Camera/SM_RailRig_Mount.uexp" 52
"../../../Engine/Content/EditorMeshes/Camera/SM_CraneRig_Mount.ubulk" 53
"../../../Engine/Content/EditorMeshes/Camera/SM_CraneRig_Mount.uasset" 54
"../../../Engine/Content/EditorMeshes/Camera/SM_CraneRig_Mount.uexp" 55
"../../../Engine/Content/EditorMeshes/Camera/SM_CraneRig_Body.ubulk" 56
"../../../Engine/Content/EditorMeshes/Camera/SM_CraneRig_Body.uasset" 57
"../../../Engine/Content/EditorMeshes/Camera/SM_CraneRig_Body.uexp" 58
"../../../Engine/Content/EditorMeshes/Camera/SM_CraneRig_Base.ubulk" 59
"../../../Engine/Content/EditorMeshes/Camera/SM_CraneRig_Base.uasset" 60
"../../../Engine/Content/EditorMeshes/Camera/SM_CraneRig_Base.uexp" 61
"../../../Engine/Content/EditorMeshes/Camera/SM_CraneRig_Arm.ubulk" 62
"../../../Engine/Content/EditorMeshes/Camera/SM_CraneRig_Arm.uasset" 63
"../../../Engine/Content/EditorMeshes/Camera/SM_CraneRig_Arm.uexp" 64
"../../../Engine/Content/EditorResources/S_TriggerSphere.uasset" 65
"../../../Engine/Content/EditorResources/S_TriggerSphere.uexp" 66
"../../../Engine/Content/EditorResources/S_TriggerCapsule.uasset" 67
"../../../Engine/Content/EditorResources/S_TriggerCapsule.uexp" 68
"../../../Engine/Content/EditorResources/S_TriggerBox.uasset" 69
"../../../Engine/Content/EditorResources/S_TriggerBox.uexp" 70
"../../../Engine/Content/EditorResources/S_Trigger.ubulk" 71
"../../../Engine/Content/EditorResources/S_Trigger.uasset" 72
"../../../Engine/Content/EditorResources/S_Trigger.uexp" 73
"../../../Engine/Content/EditorResources/S_Terrain.ubulk" 74
"../../../Engine/Content/EditorResources/S_Terrain.uasset" 75
"../../../Engine/Content/EditorResources/S_Terrain.uexp" 76
"../../../Engine/Content/EditorResources/S_Solver.ubulk" 77
"../../../Engine/Content/EditorResources/S_Solver.uasset" 78
"../../../Engine/Content/EditorResources/S_Solver.uexp" 79
"../../../Engine/Content/EditorResources/S_BoxReflectionCapture.uasset" 80
"../../../Engine/Content/EditorResources/S_BoxReflectionCapture.uexp" 81
"../../../Engine/Content/EditorResources/S_Actor.ubulk" 82
"../../../Engine/Content/EditorResources/S_Actor.uasset" 83
"../../../Engine/Content/EditorResources/S_Actor.uexp" 84
"../../../Engine/Content/EngineDamageTypes/DmgTypeBP_Environmental.uasset" 85
"../../../Engine/Content/EngineDamageTypes/DmgTypeBP_Environmental.uexp" 86
"../../../Engine/Content/EngineFonts/Faces/RobotoLight.uexp" 87
"../../../Engine/Content/EngineFonts/Faces/RobotoLight.uasset" 88
"../../../Engine/Content/EngineFonts/Faces/RobotoLight.ufont" 89
"../../../Engine/Content/EngineFonts/Faces/RobotoBold.uexp" 90
"../../../Engine/Content/EngineFonts/Faces/RobotoBold.uasset" 91
"../../../Engine/Content/EngineFonts/Faces/RobotoBold.ufont" 92
"../../../Engine/Content/EngineFonts/Faces/RobotoRegular.uexp" 93
"../../../Engine/Content/EngineFonts/Faces/RobotoRegular.uasset" 94
"../../../Engine/Content/EngineFonts/Faces/RobotoRegular.ufont" 95
"../../../Engine/Content/EngineFonts/Faces/DroidSansFallback.uexp" 96
"../../../Engine/Content/EngineFonts/Faces/DroidSansFallback.uasset" 97
"../../../Engine/Content/EngineFonts/Faces/DroidSansFallback.ufont" 98
"../../../Engine/Content/EngineFonts/Faces/RobotoItalic.uexp" 99
"../../../Engine/Content/EngineFonts/Faces/RobotoItalic.uasset" 100
"../../../Engine/Content/EngineFonts/Faces/RobotoItalic.ufont" 101
"../../../Engine/Content/EngineFonts/Faces/RobotoBoldItalic.uexp" 102
"../../../Engine/Content/EngineFonts/Faces/RobotoBoldItalic.uasset" 103
"../../../Engine/Content/EngineFonts/Faces/RobotoBoldItalic.ufont" 104
"../../../Engine/Content/EngineFonts/Roboto.uasset" 105
"../../../Engine/Content/EngineFonts/Roboto.uexp" 106
"../../../Engine/Content/Functions/Engine_MaterialFunctions02/Utility/CameraDirectionVector.uasset" 107
"../../../Engine/Content/Functions/Engine_MaterialFunctions02/Utility/CameraDirectionVector.uexp" 108
"../../../Engine/Content/EngineDebugMaterials/VolumeToRender.uasset" 109
"../../../Engine/Content/EngineDebugMaterials/VolumeToRender.uexp" 110
"../../../Engine/Content/EngineDebugMaterials/M_VolumeRenderSphereTracePP.uasset" 111
"../../../Engine/Content/EngineDebugMaterials/M_VolumeRenderSphereTracePP.uexp" 112
"../../../Engine/Content/EngineDebugMaterials/M_SimpleUnlitTranslucent.uasset" 113
"../../../Engine/Content/EngineDebugMaterials/M_SimpleUnlitTranslucent.uexp" 114
"../../../Engine/Content/EngineResources/GradientTexture0.uasset" 115
"../../../Engine/Content/EngineResources/GradientTexture0.uexp" 116
"../../../Engine/Content/EngineResources/DefaultVolumeTexture2D.uasset" 117
"../../../Engine/Content/EngineResources/DefaultVolumeTexture2D.uexp" 118
"../../../Engine/Content/EngineResources/DefaultVolumeTexture.uasset" 119
"../../../Engine/Content/EngineResources/DefaultVolumeTexture.uexp" 120
"../../../Engine/Content/EngineResources/DefaultTextureCube.uasset" 121
"../../../Engine/Content/EngineResources/DefaultTextureCube.uexp" 122
"../../../Engine/Content/EngineResources/DefaultTexture.ubulk" 123
"../../../Engine/Content/EngineResources/DefaultTexture.uasset" 124
"../../../Engine/Content/EngineResources/DefaultTexture.uexp" 125
"../../../Engine/Content/EngineResources/Black.uasset" 126
"../../../Engine/Content/EngineResources/Black.uexp" 127
"../../../Engine/Content/EngineMeshes/Sphere.ubulk" 128
"../../../Engine/Content/EngineMeshes/Sphere.uasset" 129
"../../../Engine/Content/EngineMeshes/Sphere.uexp" 130
"../../../Engine/Content/EngineSounds/Master.uasset" 131
"../../../Engine/Content/EngineSounds/Master.uexp" 132
"../../../Engine/Content/EngineSky/VolumetricClouds/CloudWeatherTexture.uasset" 133
"../../../Engine/Content/EngineSky/VolumetricClouds/CloudWeatherTexture.uexp" 134
"../../../Engine/Content/Functions/Engine_MaterialFunctions02/Utility/MakeFloat2.uasset" 135
"../../../Engine/Content/Functions/Engine_MaterialFunctions02/Utility/MakeFloat2.uexp" 136
"../../../Engine/Content/EngineSky/VolumetricClouds/CloudGradientTexture.uasset" 137
"../../../Engine/Content/EngineSky/VolumetricClouds/CloudGradientTexture.uexp" 138
"../../../Engine/Content/EngineSky/VolumetricClouds/T_NoiseShape64.ubulk" 139
"../../../Engine/Content/EngineSky/VolumetricClouds/T_NoiseShape64.uasset" 140
"../../../Engine/Content/EngineSky/VolumetricClouds/T_NoiseShape64.uexp" 141
"../../../Engine/Content/EngineSky/VolumetricClouds/T_VolumeNoiseShape64.uasset" 142
"../../../Engine/Content/EngineSky/VolumetricClouds/T_VolumeNoiseShape64.uexp" 143
"../../../Engine/Content/EngineSky/VolumetricClouds/T_NoiseErosion.ubulk" 144
"../../../Engine/Content/EngineSky/VolumetricClouds/T_NoiseErosion.uasset" 145
"../../../Engine/Content/EngineSky/VolumetricClouds/T_NoiseErosion.uexp" 146
"../../../Engine/Content/EngineSky/VolumetricClouds/T_VolumeNoiseErosion32.uasset" 147
"../../../Engine/Content/EngineSky/VolumetricClouds/T_VolumeNoiseErosion32.uexp" 148
"../../../Engine/Content/EngineSky/VolumetricClouds/m_SimpleVolumetricCloud.uasset" 149
"../../../Engine/Content/EngineSky/VolumetricClouds/m_SimpleVolumetricCloud.uexp" 150
"../../../Engine/Content/EngineSky/VolumetricClouds/m_SimpleVolumetricCloud_Inst.uasset" 151
"../../../Engine/Content/EngineSky/VolumetricClouds/m_SimpleVolumetricCloud_Inst.uexp" 152
"../../../Engine/Content/EngineResources/FilmGrains/Marcie_Grain_v3_128_M2_000.uasset" 153
"../../../Engine/Content/EngineResources/FilmGrains/Marcie_Grain_v3_128_M2_000.uexp" 154
"../../../Engine/Content/EngineResources/WhiteSquareTexture.uasset" 155
"../../../Engine/Content/EngineResources/WhiteSquareTexture.uexp" 156
"../../../Engine/Content/EngineMaterials/Widget3DPassThrough.uasset" 157
"../../../Engine/Content/EngineMaterials/Widget3DPassThrough.uexp" 158
"../../../Engine/Content/EngineMaterials/Widget3DPassThrough_Translucent.uasset" 159
"../../../Engine/Content/EngineMaterials/Widget3DPassThrough_Translucent.uexp" 160
"../../../Engine/Content/EngineMaterials/Widget3DPassThrough_Translucent_OneSided.uasset" 161
"../../../Engine/Content/EngineMaterials/Widget3DPassThrough_Translucent_OneSided.uexp" 162
"../../../Engine/Content/EngineMaterials/Widget3DPassThrough_Opaque.uasset" 163
"../../../Engine/Content/EngineMaterials/Widget3DPassThrough_Opaque.uexp" 164
"../../../Engine/Content/EngineMaterials/Widget3DPassThrough_Opaque_OneSided.uasset" 165
"../../../Engine/Content/EngineMaterials/Widget3DPassThrough_Opaque_OneSided.uexp" 166
"../../../Engine/Content/EngineMaterials/Widget3DPassThrough_Masked_OneSided.uasset" 167
"../../../Engine/Content/EngineMaterials/Widget3DPassThrough_Masked_OneSided.uexp" 168
"../../../Engine/Content/EngineMaterials/Widget3DPassThrough_Masked.uasset" 169
"../../../Engine/Content/EngineMaterials/Widget3DPassThrough_Masked.uexp" 170
"../../../Engine/Content/EngineMaterials/WeightMapPlaceholderTexture.uasset" 171
"../../../Engine/Content/EngineMaterials/WeightMapPlaceholderTexture.uexp" 172
"../../../Engine/Content/Functions/Engine_MaterialFunctions01/Shading/PowerToRoughness.uasset" 173
"../../../Engine/Content/Functions/Engine_MaterialFunctions01/Shading/PowerToRoughness.uexp" 174
"../../../Engine/Content/Functions/Engine_MaterialFunctions01/Shading/ConvertFromDiffSpec.uasset" 175
"../../../Engine/Content/Functions/Engine_MaterialFunctions01/Shading/ConvertFromDiffSpec.uexp" 176
"../../../Engine/Content/EngineMaterials/RemoveSurfaceMaterial.uasset" 177
"../../../Engine/Content/EngineMaterials/RemoveSurfaceMaterial.uexp" 178
"../../../Engine/Content/EngineMaterials/PreintegratedSkinBRDF.uasset" 179
"../../../Engine/Content/EngineMaterials/PreintegratedSkinBRDF.uexp" 180
"../../../Engine/Content/EngineMaterials/DefaultCalibrationGrayscale.uasset" 181
"../../../Engine/Content/EngineMaterials/DefaultCalibrationGrayscale.uexp" 182
"../../../Engine/Content/EngineMaterials/PPM_DefaultCalibrationGrayscale.uasset" 183
"../../../Engine/Content/EngineMaterials/PPM_DefaultCalibrationGrayscale.uexp" 184
"../../../Engine/Content/EngineMaterials/DefaultCalibrationColor.uasset" 185
"../../../Engine/Content/EngineMaterials/DefaultCalibrationColor.uexp" 186
"../../../Engine/Content/EngineMaterials/PPM_DefaultCalibrationColor.uasset" 187
"../../../Engine/Content/EngineMaterials/PPM_DefaultCalibrationColor.uexp" 188
"../../../Engine/Content/Functions/Engine_MaterialFunctions02/WorldPositionOffset/CameraOffset.uasset" 189
"../../../Engine/Content/Functions/Engine_MaterialFunctions02/WorldPositionOffset/CameraOffset.uexp" 190
"../../../Engine/Content/EngineMaterials/PhAT_JointLimitMaterial.uasset" 191
"../../../Engine/Content/EngineMaterials/PhAT_JointLimitMaterial.uexp" 192
"../../../Engine/Content/EngineMaterials/InvalidLightmapSettings.ubulk" 193
"../../../Engine/Content/EngineMaterials/InvalidLightmapSettings.uasset" 194
"../../../Engine/Content/EngineMaterials/InvalidLightmapSettings.uexp" 195
"../../../Engine/Content/EngineMaterials/M_InvalidLightmapSettings.uasset" 196
"../../../Engine/Content/EngineMaterials/M_InvalidLightmapSettings.uexp" 197
"../../../Engine/Content/EngineMaterials/MiniFont.uasset" 198
"../../../Engine/Content/EngineMaterials/MiniFont.uexp" 199
"../../../Engine/Content/EngineMaterials/Good64x64TilingNoiseHighFreq.uasset" 200
"../../../Engine/Content/EngineMaterials/Good64x64TilingNoiseHighFreq.uexp" 201
"../../../Engine/Content/EngineMaterials/GizmoMaterial.uasset" 202
"../../../Engine/Content/EngineMaterials/GizmoMaterial.uexp" 203
"../../../Engine/Content/EngineMaterials/BaseFlattenEmissiveMap_VT.uasset" 204
"../../../Engine/Content/EngineMaterials/BaseFlattenEmissiveMap_VT.uexp" 205
"../../../Engine/Content/EngineMaterials/BaseFlattenGrayscaleMap_VT.uasset" 206
"../../../Engine/Content/EngineMaterials/BaseFlattenGrayscaleMap_VT.uexp" 207
"../../../Engine/Content/EngineMaterials/BaseFlattenLinearColor_VT.uasset" 208
"../../../Engine/Content/EngineMaterials/BaseFlattenLinearColor_VT.uexp" 209
"../../../Engine/Content/EngineMaterials/Black_1x1_EXR_Texture_VT.uasset" 210
"../../../Engine/Content/EngineMaterials/Black_1x1_EXR_Texture_VT.uexp" 211
"../../../Engine/Content/EngineMaterials/BaseFlattenDiffuseMap_VT.uasset" 212
"../../../Engine/Content/EngineMaterials/BaseFlattenDiffuseMap_VT.uexp" 213
"../../../Engine/Content/EngineMaterials/BaseFlattenNormalMap_VT.uasset" 214
"../../../Engine/Content/EngineMaterials/BaseFlattenNormalMap_VT.uexp" 215
"../../../Engine/Content/EngineMaterials/FlattenMaterial_WS_Normal_VT.uasset" 216
"../../../Engine/Content/EngineMaterials/FlattenMaterial_WS_Normal_VT.uexp" 217
"../../../Engine/Content/EngineMaterials/FlattenMaterial_VT.uasset" 218
"../../../Engine/Content/EngineMaterials/FlattenMaterial_VT.uexp" 219
"../../../Engine/Content/EngineMaterials/BaseFlattenNormalMap.uasset" 220
"../../../Engine/Content/EngineMaterials/BaseFlattenNormalMap.uexp" 221
"../../../Engine/Content/EngineMaterials/BaseFlattenGrayscaleMap.uasset" 222
"../../../Engine/Content/EngineMaterials/BaseFlattenGrayscaleMap.uexp" 223
"../../../Engine/Content/EngineMaterials/BaseFlattenDiffuseMap.uasset" 224
"../../../Engine/Content/EngineMaterials/BaseFlattenDiffuseMap.uexp" 225
"../../../Engine/Content/Functions/Engine_MaterialFunctions02/PivotPainter2/Black_1x1_EXR_Texture.uasset" 226
"../../../Engine/Content/Functions/Engine_MaterialFunctions02/PivotPainter2/Black_1x1_EXR_Texture.uexp" 227
"../../../Engine/Content/EngineMaterials/BaseFlattenEmissiveMap.uasset" 228
"../../../Engine/Content/EngineMaterials/BaseFlattenEmissiveMap.uexp" 229
"../../../Engine/Content/EngineMaterials/BaseFlattenLinearColor.uasset" 230
"../../../Engine/Content/EngineMaterials/BaseFlattenLinearColor.uexp" 231
"../../../Engine/Content/EngineMaterials/FlattenMaterial.uasset" 232
"../../../Engine/Content/EngineMaterials/FlattenMaterial.uexp" 233
"../../../Engine/Content/EngineMaterials/DefaultWhiteGrid_Low.uasset" 234
"../../../Engine/Content/EngineMaterials/DefaultWhiteGrid_Low.uexp" 235
"../../../Engine/Content/EngineMaterials/EmissiveMeshMaterial.uasset" 236
"../../../Engine/Content/EngineMaterials/EmissiveMeshMaterial.uexp" 237
"../../../Engine/Content/EngineMaterials/DefaultWhiteGrid.ubulk" 238
"../../../Engine/Content/EngineMaterials/DefaultWhiteGrid.uasset" 239
"../../../Engine/Content/EngineMaterials/DefaultWhiteGrid.uexp" 240
"../../../Engine/Content/EngineFonts/RobotoDistanceField.uasset" 241
"../../../Engine/Content/EngineFonts/RobotoDistanceField.uexp" 242
"../../../Engine/Content/EngineMaterials/DefaultTextMaterialOpaque.uasset" 243
"../../../Engine/Content/EngineMaterials/DefaultTextMaterialOpaque.uexp" 244
"../../../Engine/Content/EngineMaterials/DefaultDiffuse.ubulk" 245
"../../../Engine/Content/EngineMaterials/DefaultDiffuse.uasset" 246
"../../../Engine/Content/EngineMaterials/DefaultDiffuse.uexp" 247
"../../../Engine/Content/Functions/Engine_MaterialFunctions02/Utility/BreakOutFloat2Components.uasset" 248
"../../../Engine/Content/Functions/Engine_MaterialFunctions02/Utility/BreakOutFloat2Components.uexp" 249
"../../../Engine/Content/EngineMaterials/DefaultPostProcessMaterial.uasset" 250
"../../../Engine/Content/EngineMaterials/DefaultPostProcessMaterial.uexp" 251
"../../../Engine/Content/EngineMaterials/DefaultPhysicalMaterial.uasset" 252
"../../../Engine/Content/EngineMaterials/DefaultPhysicalMaterial.uexp" 253
"../../../Engine/Content/EngineMaterials/DefaultLightFunctionMaterial.uasset" 254
"../../../Engine/Content/EngineMaterials/DefaultLightFunctionMaterial.uexp" 255
"../../../Engine/Content/EngineMaterials/DefaultDestructiblePhysicalMaterial.uasset" 256
"../../../Engine/Content/EngineMaterials/DefaultDestructiblePhysicalMaterial.uexp" 257
"../../../Engine/Content/EngineMaterials/DefaultDeferredDecalMaterial.uasset" 258
"../../../Engine/Content/EngineMaterials/DefaultDeferredDecalMaterial.uexp" 259
"../../../Engine/Content/EngineMaterials/DefaultBokeh.uasset" 260
"../../../Engine/Content/EngineMaterials/DefaultBokeh.uexp" 261
"../../../Engine/Content/EngineMaterials/DefaultBloomKernel.uasset" 262
"../../../Engine/Content/EngineMaterials/DefaultBloomKernel.uexp" 263
"../../../Engine/Content/EngineMaterials/BlueNoise.uasset" 264
"../../../Engine/Content/EngineMaterials/BlueNoise.uexp" 265
"../../../Engine/Content/EngineDebugMaterials/DebugMeshMaterial.uasset" 266
"../../../Engine/Content/EngineDebugMaterials/DebugMeshMaterial.uexp" 267
"../../../Engine/Content/EngineDebugMaterials/DebugEditorMaterial.uasset" 268
"../../../Engine/Content/EngineDebugMaterials/DebugEditorMaterial.uexp" 269
"../../../Engine/Content/EditorResources/EmptyActor.uasset" 270
"../../../Engine/Content/EditorResources/EmptyActor.uexp" 271
"../../../Engine/Content/EditorResources/BSPVertex.uasset" 272
"../../../Engine/Content/EditorResources/BSPVertex.uexp" 273
"../../../Engine/Content/EditorResources/SequenceRecorder/RecordingIndicator.uasset" 274
"../../../Engine/Content/EditorResources/SequenceRecorder/RecordingIndicator.uexp" 275
"../../../Engine/Content/EditorResources/SequenceRecorder/Countdown.uasset" 276
"../../../Engine/Content/EditorResources/SequenceRecorder/Countdown.uexp" 277
"../../../Engine/Content/EditorResources/LightIcons/S_LightError.uasset" 278
"../../../Engine/Content/EditorResources/LightIcons/S_LightError.uexp" 279
"../../../Engine/Content/EditorResources/AudioIcons/S_AudioComponent_AutoActivate.uasset" 280
"../../../Engine/Content/EditorResources/AudioIcons/S_AudioComponent_AutoActivate.uexp" 281
"../../../Engine/Content/Functions/Engine_MaterialFunctions02/Utility/MakeFloat4.uasset" 282
"../../../Engine/Content/Functions/Engine_MaterialFunctions02/Utility/MakeFloat4.uexp" 283
"../../../Engine/Content/Functions/Engine_MaterialFunctions02/Utility/MakeFloat3.uasset" 284
"../../../Engine/Content/Functions/Engine_MaterialFunctions02/Utility/MakeFloat3.uexp" 285
"../../../Engine/Content/Functions/Engine_MaterialFunctions02/Utility/BreakOutFloat3Components.uasset" 286
"../../../Engine/Content/Functions/Engine_MaterialFunctions02/Utility/BreakOutFloat3Components.uexp" 287
"../../../Engine/Content/EditorMaterials/WorldPartition/WorldPartitionSpatialHashGridPreviewMaterial.uasset" 288
"../../../Engine/Content/EditorMaterials/WorldPartition/WorldPartitionSpatialHashGridPreviewMaterial.uexp" 289
"../../../Engine/Content/EditorMaterials/ParticleSystems/PSysThumbnail_OOD.ubulk" 290
"../../../Engine/Content/EditorMaterials/ParticleSystems/PSysThumbnail_OOD.uasset" 291
"../../../Engine/Content/EditorMaterials/ParticleSystems/PSysThumbnail_OOD.uexp" 292
"../../../Engine/Content/EditorMaterials/ParticleSystems/PSysThumbnail_NoImage.ubulk" 293
"../../../Engine/Content/EditorMaterials/ParticleSystems/PSysThumbnail_NoImage.uasset" 294
"../../../Engine/Content/EditorMaterials/ParticleSystems/PSysThumbnail_NoImage.uexp" 295
"../../../Engine/Content/EditorMaterials/MatineeGroups/MAT_Groups_Vector.uasset" 296
"../../../Engine/Content/EditorMaterials/MatineeGroups/MAT_Groups_Vector.uexp" 297
"../../../Engine/Content/EditorMaterials/MatineeGroups/MAT_Groups_Sound.uasset" 298
"../../../Engine/Content/EditorMaterials/MatineeGroups/MAT_Groups_Sound.uexp" 299
"../../../Engine/Content/EditorMaterials/MatineeGroups/MAT_Groups_Slomo.uasset" 300
"../../../Engine/Content/EditorMaterials/MatineeGroups/MAT_Groups_Slomo.uexp" 301
"../../../Engine/Content/EditorMaterials/MatineeGroups/MAT_Groups_Move.uasset" 302
"../../../Engine/Content/EditorMaterials/MatineeGroups/MAT_Groups_Move.uexp" 303
"../../../Engine/Content/EditorMaterials/MatineeGroups/MAT_Groups_Float.uasset" 304
"../../../Engine/Content/EditorMaterials/MatineeGroups/MAT_Groups_Float.uexp" 305
"../../../Engine/Content/EditorMaterials/MatineeGroups/MAT_Groups_Fade.uasset" 306
"../../../Engine/Content/EditorMaterials/MatineeGroups/MAT_Groups_Fade.uexp" 307
"../../../Engine/Content/EditorMaterials/MatineeGroups/MAT_Groups_Event.uasset" 308
"../../../Engine/Content/EditorMaterials/MatineeGroups/MAT_Groups_Event.uexp" 309
"../../../Engine/Content/EditorMaterials/MatineeGroups/MAT_Groups_Director.uasset" 310
"../../../Engine/Content/EditorMaterials/MatineeGroups/MAT_Groups_Director.uexp" 311
"../../../Engine/Content/EditorMaterials/MatineeGroups/MAT_Groups_AudioMaster.uasset" 312
"../../../Engine/Content/EditorMaterials/MatineeGroups/MAT_Groups_AudioMaster.uexp" 313
"../../../Engine/Content/EditorMaterials/MatineeGroups/MAT_Groups_Anim.uasset" 314
"../../../Engine/Content/EditorMaterials/MatineeGroups/MAT_Groups_Anim.uexp" 315
"../../../Engine/Content/EditorMaterials/MatineeGroups/MAT_ColorTrack.uasset" 316
"../../../Engine/Content/EditorMaterials/MatineeGroups/MAT_ColorTrack.uexp" 317
"../../../Engine/Content/MobileResources/HUD/VirtualJoystick_Background.uasset" 318
"../../../Engine/Content/MobileResources/HUD/VirtualJoystick_Background.uexp" 319
"../../../Engine/Content/MobileResources/HUD/VirtualJoystick_Thumb.uasset" 320
"../../../Engine/Content/MobileResources/HUD/VirtualJoystick_Thumb.uexp" 321
"../../../Engine/Content/MobileResources/HUD/DefaultVirtualJoysticks.uasset" 322
"../../../Engine/Content/MobileResources/HUD/DefaultVirtualJoysticks.uexp" 323
"../../../Engine/Content/Tutorial/ContentIntroCurve.uasset" 324
"../../../Engine/Content/Tutorial/ContentIntroCurve.uexp" 325
"../../../Engine/Content/VREditor/TransformGizmo/Main.uasset" 326
"../../../Engine/Content/VREditor/TransformGizmo/Main.uexp" 327
"../../../Engine/Content/VREditor/TransformGizmo/Xray.uasset" 328
"../../../Engine/Content/VREditor/TransformGizmo/Xray.uexp" 329
"../../../Engine/Content/VREditor/TransformGizmo/SM_Sequencer_Node.ubulk" 330
"../../../Engine/Content/VREditor/TransformGizmo/SM_Sequencer_Node.uasset" 331
"../../../Engine/Content/VREditor/TransformGizmo/SM_Sequencer_Node.uexp" 332
"../../../Engine/Content/VREditor/LaserPointer/VR_LaserPower_01.ubulk" 333
"../../../Engine/Content/VREditor/LaserPointer/VR_LaserPower_01.uasset" 334
"../../../Engine/Content/VREditor/LaserPointer/VR_LaserPower_01.uexp" 335
"../../../Engine/Content/VREditor/TransformGizmo/TransformGizmoMaterial.uasset" 336
"../../../Engine/Content/VREditor/TransformGizmo/TransformGizmoMaterial.uexp" 337
"../../../Engine/Content/VREditor/TransformGizmo/TranslucentTransformGizmoMaterial.uasset" 338
"../../../Engine/Content/VREditor/TransformGizmo/TranslucentTransformGizmoMaterial.uexp" 339
"../../../Engine/Content/VREditor/TransformGizmo/PlaneTranslationHandle.ubulk" 340
"../../../Engine/Content/VREditor/TransformGizmo/PlaneTranslationHandle.uasset" 341
"../../../Engine/Content/VREditor/TransformGizmo/PlaneTranslationHandle.uexp" 342
"../../../Engine/Content/VREditor/TransformGizmo/BoundingBoxEdge.ubulk" 343
"../../../Engine/Content/VREditor/TransformGizmo/BoundingBoxEdge.uasset" 344
"../../../Engine/Content/VREditor/TransformGizmo/BoundingBoxEdge.uexp" 345
"../../../Engine/Content/VREditor/TransformGizmo/BoundingBoxCorner.ubulk" 346
"../../../Engine/Content/VREditor/TransformGizmo/BoundingBoxCorner.uasset" 347
"../../../Engine/Content/VREditor/TransformGizmo/BoundingBoxCorner.uexp" 348
"../../../Engine/Plugins/2D/Paper2D/Content/PlaceholderTextures/DummySpriteTexture.ubulk" 349
"../../../Engine/Plugins/2D/Paper2D/Content/PlaceholderTextures/DummySpriteTexture.uasset" 350
"../../../Engine/Plugins/2D/Paper2D/Content/PlaceholderTextures/DummySpriteTexture.uexp" 351
"../../../Engine/Plugins/2D/Paper2D/Content/DefaultSpriteMaterial.uasset" 352
"../../../Engine/Plugins/2D/Paper2D/Content/DefaultSpriteMaterial.uexp" 353
"../../../Engine/Plugins/2D/Paper2D/Content/OpaqueUnlitSpriteMaterial.uasset" 354
"../../../Engine/Plugins/2D/Paper2D/Content/OpaqueUnlitSpriteMaterial.uexp" 355
"../../../Engine/Plugins/2D/Paper2D/Content/MaskedUnlitSpriteMaterial.uasset" 356
"../../../Engine/Plugins/2D/Paper2D/Content/MaskedUnlitSpriteMaterial.uexp" 357
"../../../Engine/Plugins/2D/Paper2D/Content/DummySprite.uasset" 358
"../../../Engine/Plugins/2D/Paper2D/Content/DummySprite.uexp" 359
"../../../Engine/Plugins/2D/Paper2D/Content/DefaultPaperTerrainMaterial.uasset" 360
"../../../Engine/Plugins/2D/Paper2D/Content/DefaultPaperTerrainMaterial.uexp" 361
"../../../Engine/Plugins/Animation/ControlRig/Content/M_Manip.uasset" 362
"../../../Engine/Plugins/Animation/ControlRig/Content/M_Manip.uexp" 363
"../../../Engine/Plugins/Animation/ControlRig/Content/Controls/DefaultGizmoLibraryNormalized.uasset" 364
"../../../Engine/Plugins/Animation/ControlRig/Content/Controls/DefaultGizmoLibraryNormalized.uexp" 365
"../../../Engine/Plugins/Animation/ControlRig/Content/Controls/ControlRig_Wedge_solid.ubulk" 366
"../../../Engine/Plugins/Animation/ControlRig/Content/Controls/ControlRig_Wedge_solid.uasset" 367
"../../../Engine/Plugins/Animation/ControlRig/Content/Controls/ControlRig_Wedge_solid.uexp" 368
"../../../Engine/Plugins/Animation/ControlRig/Content/Controls/ControlRig_Wedge_3mm.ubulk" 369
"../../../Engine/Plugins/Animation/ControlRig/Content/Controls/ControlRig_Wedge_3mm.uasset" 370
"../../../Engine/Plugins/Animation/ControlRig/Content/Controls/ControlRig_Wedge_3mm.uexp" 371
"../../../Engine/Plugins/Animation/ControlRig/Content/Controls/ControlRig_Wedge_1mm.ubulk" 372
"../../../Engine/Plugins/Animation/ControlRig/Content/Controls/ControlRig_Wedge_1mm.uasset" 373
"../../../Engine/Plugins/Animation/ControlRig/Content/Controls/ControlRig_Wedge_1mm.uexp" 374
"../../../Engine/Plugins/Animation/ControlRig/Content/Controls/ControlRig_Triangle_solid.ubulk" 375
"../../../Engine/Plugins/Animation/ControlRig/Content/Controls/ControlRig_Triangle_solid.uasset" 376
"../../../Engine/Plugins/Animation/ControlRig/Content/Controls/ControlRig_Triangle_solid.uexp" 377
"../../../Engine/Plugins/Animation/ControlRig/Content/Controls/ControlRig_Triangle_3mm.ubulk" 378
"../../../Engine/Plugins/Animation/ControlRig/Content/Controls/ControlRig_Triangle_3mm.uasset" 379
"../../../Engine/Plugins/Animation/ControlRig/Content/Controls/ControlRig_Triangle_3mm.uexp" 380
"../../../Engine/Plugins/Animation/ControlRig/Content/Controls/ControlRig_Triangle_1mm.ubulk" 381
"../../../Engine/Plugins/Animation/ControlRig/Content/Controls/ControlRig_Triangle_1mm.uasset" 382
"../../../Engine/Plugins/Animation/ControlRig/Content/Controls/ControlRig_Triangle_1mm.uexp" 383
"../../../Engine/Plugins/Animation/ControlRig/Content/Controls/ControlRig_Star4_solid.ubulk" 384
"../../../Engine/Plugins/Animation/ControlRig/Content/Controls/ControlRig_Star4_solid.uasset" 385
"../../../Engine/Plugins/Animation/ControlRig/Content/Controls/ControlRig_Star4_solid.uexp" 386
"../../../Engine/Plugins/Animation/ControlRig/Content/Controls/ControlRig_Star4_3mm.ubulk" 387
"../../../Engine/Plugins/Animation/ControlRig/Content/Controls/ControlRig_Star4_3mm.uasset" 388
"../../../Engine/Plugins/Animation/ControlRig/Content/Controls/ControlRig_Star4_3mm.uexp" 389
"../../../Engine/Plugins/Animation/ControlRig/Content/Controls/ControlRig_Star4_1mm.ubulk" 390
"../../../Engine/Plugins/Animation/ControlRig/Content/Controls/ControlRig_Star4_1mm.uasset" 391
"../../../Engine/Plugins/Animation/ControlRig/Content/Controls/ControlRig_Star4_1mm.uexp" 392
"../../../Engine/Plugins/Animation/ControlRig/Content/Controls/ControlRig_Square_solid.ubulk" 393
"../../../Engine/Plugins/Animation/ControlRig/Content/Controls/ControlRig_Square_solid.uasset" 394
"../../../Engine/Plugins/Animation/ControlRig/Content/Controls/ControlRig_Square_solid.uexp" 395
"../../../Engine/Plugins/Animation/ControlRig/Content/Controls/ControlRig_Square_3mm.ubulk" 396
"../../../Engine/Plugins/Animation/ControlRig/Content/Controls/ControlRig_Square_3mm.uasset" 397
"../../../Engine/Plugins/Animation/ControlRig/Content/Controls/ControlRig_Square_3mm.uexp" 398
"../../../Engine/Plugins/Animation/ControlRig/Content/Controls/ControlRig_Square_1mm.ubulk" 399
"../../../Engine/Plugins/Animation/ControlRig/Content/Controls/ControlRig_Square_1mm.uasset" 400
"../../../Engine/Plugins/Animation/ControlRig/Content/Controls/ControlRig_Square_1mm.uexp" 401
"../../../Engine/Plugins/Animation/ControlRig/Content/Controls/ControlRig_Sphere_solid.ubulk" 402
"../../../Engine/Plugins/Animation/ControlRig/Content/Controls/ControlRig_Sphere_solid.uasset" 403
"../../../Engine/Plugins/Animation/ControlRig/Content/Controls/ControlRig_Sphere_solid.uexp" 404
"../../../Engine/Plugins/Animation/ControlRig/Content/Controls/ControlRig_Sphere_3mm.ubulk" 405
"../../../Engine/Plugins/Animation/ControlRig/Content/Controls/ControlRig_Sphere_3mm.uasset" 406
"../../../Engine/Plugins/Animation/ControlRig/Content/Controls/ControlRig_Sphere_3mm.uexp" 407
"../../../Engine/Plugins/Animation/ControlRig/Content/Controls/ControlRig_Sphere_1mm.ubulk" 408
"../../../Engine/Plugins/Animation/ControlRig/Content/Controls/ControlRig_Sphere_1mm.uasset" 409
"../../../Engine/Plugins/Animation/ControlRig/Content/Controls/ControlRig_Sphere_1mm.uexp" 410
"../../../Engine/Plugins/Animation/ControlRig/Content/Controls/ControlRig_RoundedTriangle_solid.ubulk" 411
"../../../Engine/Plugins/Animation/ControlRig/Content/Controls/ControlRig_RoundedTriangle_solid.uasset" 412
"../../../Engine/Plugins/Animation/ControlRig/Content/Controls/ControlRig_RoundedTriangle_solid.uexp" 413
"../../../Engine/Plugins/Animation/ControlRig/Content/Controls/ControlRig_RoundedTriangle_3mm.ubulk" 414
"../../../Engine/Plugins/Animation/ControlRig/Content/Controls/ControlRig_RoundedTriangle_3mm.uasset" 415
"../../../Engine/Plugins/Animation/ControlRig/Content/Controls/ControlRig_RoundedTriangle_3mm.uexp" 416
"../../../Engine/Plugins/Animation/ControlRig/Content/Controls/ControlRig_RoundedTriangle_1mm.ubulk" 417
"../../../Engine/Plugins/Animation/ControlRig/Content/Controls/ControlRig_RoundedTriangle_1mm.uasset" 418
"../../../Engine/Plugins/Animation/ControlRig/Content/Controls/ControlRig_RoundedTriangle_1mm.uexp" 419
"../../../Engine/Plugins/Animation/ControlRig/Content/Controls/ControlRig_RoundedSquare_solid.ubulk" 420
"../../../Engine/Plugins/Animation/ControlRig/Content/Controls/ControlRig_RoundedSquare_solid.uasset" 421
"../../../Engine/Plugins/Animation/ControlRig/Content/Controls/ControlRig_RoundedSquare_solid.uexp" 422
"../../../Engine/Plugins/Animation/ControlRig/Content/Controls/ControlRig_RoundedSquare_3mm.ubulk" 423
"../../../Engine/Plugins/Animation/ControlRig/Content/Controls/ControlRig_RoundedSquare_3mm.uasset" 424
"../../../Engine/Plugins/Animation/ControlRig/Content/Controls/ControlRig_RoundedSquare_3mm.uexp" 425
"../../../Engine/Plugins/Animation/ControlRig/Content/Controls/ControlRig_RoundedSquare_1mm.ubulk" 426
"../../../Engine/Plugins/Animation/ControlRig/Content/Controls/ControlRig_RoundedSquare_1mm.uasset" 427
"../../../Engine/Plugins/Animation/ControlRig/Content/Controls/ControlRig_RoundedSquare_1mm.uexp" 428
"../../../Engine/Plugins/Animation/ControlRig/Content/Controls/ControlRig_QuarterCircle_solid.ubulk" 429
"../../../Engine/Plugins/Animation/ControlRig/Content/Controls/ControlRig_QuarterCircle_solid.uasset" 430
"../../../Engine/Plugins/Animation/ControlRig/Content/Controls/ControlRig_QuarterCircle_solid.uexp" 431
"../../../Engine/Plugins/Animation/ControlRig/Content/Controls/ControlRig_QuarterCircle_3mm.ubulk" 432
"../../../Engine/Plugins/Animation/ControlRig/Content/Controls/ControlRig_QuarterCircle_3mm.uasset" 433
"../../../Engine/Plugins/Animation/ControlRig/Content/Controls/ControlRig_QuarterCircle_3mm.uexp" 434
"../../../Engine/Plugins/Animation/ControlRig/Content/Controls/ControlRig_QuarterCircle_1mm.ubulk" 435
"../../../Engine/Plugins/Animation/ControlRig/Content/Controls/ControlRig_QuarterCircle_1mm.uasset" 436
"../../../Engine/Plugins/Animation/ControlRig/Content/Controls/ControlRig_QuarterCircle_1mm.uexp" 437
"../../../Engine/Plugins/Animation/ControlRig/Content/Controls/ControlRig_Pyramid_solid.ubulk" 438
"../../../Engine/Plugins/Animation/ControlRig/Content/Controls/ControlRig_Pyramid_solid.uasset" 439
"../../../Engine/Plugins/Animation/ControlRig/Content/Controls/ControlRig_Pyramid_solid.uexp" 440
"../../../Engine/Plugins/Animation/ControlRig/Content/Controls/ControlRig_Pyramid_3mm.ubulk" 441
"../../../Engine/Plugins/Animation/ControlRig/Content/Controls/ControlRig_Pyramid_3mm.uasset" 442
"../../../Engine/Plugins/Animation/ControlRig/Content/Controls/ControlRig_Pyramid_3mm.uexp" 443
"../../../Engine/Plugins/Animation/ControlRig/Content/Controls/ControlRig_Pyramid_1mm.ubulk" 444
"../../../Engine/Plugins/Animation/ControlRig/Content/Controls/ControlRig_Pyramid_1mm.uasset" 445
"../../../Engine/Plugins/Animation/ControlRig/Content/Controls/ControlRig_Pyramid_1mm.uexp" 446
"../../../Engine/Plugins/Animation/ControlRig/Content/Controls/ControlRig_Octagon_solid.ubulk" 447
"../../../Engine/Plugins/Animation/ControlRig/Content/Controls/ControlRig_Octagon_solid.uasset" 448
"../../../Engine/Plugins/Animation/ControlRig/Content/Controls/ControlRig_Octagon_solid.uexp" 449
"../../../Engine/Plugins/Animation/ControlRig/Content/Controls/ControlRig_Octagon_3mm.ubulk" 450
"../../../Engine/Plugins/Animation/ControlRig/Content/Controls/ControlRig_Octagon_3mm.uasset" 451
"../../../Engine/Plugins/Animation/ControlRig/Content/Controls/ControlRig_Octagon_3mm.uexp" 452
"../../../Engine/Plugins/Animation/ControlRig/Content/Controls/ControlRig_Octagon_1mm.ubulk" 453
"../../../Engine/Plugins/Animation/ControlRig/Content/Controls/ControlRig_Octagon_1mm.uasset" 454
"../../../Engine/Plugins/Animation/ControlRig/Content/Controls/ControlRig_Octagon_1mm.uexp" 455
"../../../Engine/Plugins/Animation/ControlRig/Content/Controls/ControlRig_Hexagon_solid.ubulk" 456
"../../../Engine/Plugins/Animation/ControlRig/Content/Controls/ControlRig_Hexagon_solid.uasset" 457
"../../../Engine/Plugins/Animation/ControlRig/Content/Controls/ControlRig_Hexagon_solid.uexp" 458
"../../../Engine/Plugins/Animation/ControlRig/Content/Controls/ControlRig_Hexagon_3mm.ubulk" 459
"../../../Engine/Plugins/Animation/ControlRig/Content/Controls/ControlRig_Hexagon_3mm.uasset" 460
"../../../Engine/Plugins/Animation/ControlRig/Content/Controls/ControlRig_Hexagon_3mm.uexp" 461
"../../../Engine/Plugins/Animation/ControlRig/Content/Controls/ControlRig_Hexagon_1mm.ubulk" 462
"../../../Engine/Plugins/Animation/ControlRig/Content/Controls/ControlRig_Hexagon_1mm.uasset" 463
"../../../Engine/Plugins/Animation/ControlRig/Content/Controls/ControlRig_Hexagon_1mm.uexp" 464
"../../../Engine/Plugins/Animation/ControlRig/Content/Controls/ControlRig_HalfCircle_solid.ubulk" 465
"../../../Engine/Plugins/Animation/ControlRig/Content/Controls/ControlRig_HalfCircle_solid.uasset" 466
"../../../Engine/Plugins/Animation/ControlRig/Content/Controls/ControlRig_HalfCircle_solid.uexp" 467
"../../../Engine/Plugins/Animation/ControlRig/Content/Controls/ControlRig_HalfCircle_3mm.ubulk" 468
"../../../Engine/Plugins/Animation/ControlRig/Content/Controls/ControlRig_HalfCircle_3mm.uasset" 469
"../../../Engine/Plugins/Animation/ControlRig/Content/Controls/ControlRig_HalfCircle_3mm.uexp" 470
"../../../Engine/Plugins/Animation/ControlRig/Content/Controls/ControlRig_HalfCircle_1mm.ubulk" 471
"../../../Engine/Plugins/Animation/ControlRig/Content/Controls/ControlRig_HalfCircle_1mm.uasset" 472
"../../../Engine/Plugins/Animation/ControlRig/Content/Controls/ControlRig_HalfCircle_1mm.uexp" 473
"../../../Engine/Plugins/Animation/ControlRig/Content/Controls/ControlRig_Diamond_solid.ubulk" 474
"../../../Engine/Plugins/Animation/ControlRig/Content/Controls/ControlRig_Diamond_solid.uasset" 475
"../../../Engine/Plugins/Animation/ControlRig/Content/Controls/ControlRig_Diamond_solid.uexp" 476
"../../../Engine/Plugins/Animation/ControlRig/Content/Controls/ControlRig_Diamond_3mm.ubulk" 477
"../../../Engine/Plugins/Animation/ControlRig/Content/Controls/ControlRig_Diamond_3mm.uasset" 478
"../../../Engine/Plugins/Animation/ControlRig/Content/Controls/ControlRig_Diamond_3mm.uexp" 479
"../../../Engine/Plugins/Animation/ControlRig/Content/Controls/ControlRig_Diamond_1mm.ubulk" 480
"../../../Engine/Plugins/Animation/ControlRig/Content/Controls/ControlRig_Diamond_1mm.uasset" 481
"../../../Engine/Plugins/Animation/ControlRig/Content/Controls/ControlRig_Diamond_1mm.uexp" 482
"../../../Engine/Plugins/Animation/ControlRig/Content/Controls/ControlRig_Circle_solid.ubulk" 483
"../../../Engine/Plugins/Animation/ControlRig/Content/Controls/ControlRig_Circle_solid.uasset" 484
"../../../Engine/Plugins/Animation/ControlRig/Content/Controls/ControlRig_Circle_solid.uexp" 485
"../../../Engine/Plugins/Animation/ControlRig/Content/Controls/ControlRig_Circle_3mm.ubulk" 486
"../../../Engine/Plugins/Animation/ControlRig/Content/Controls/ControlRig_Circle_3mm.uasset" 487
"../../../Engine/Plugins/Animation/ControlRig/Content/Controls/ControlRig_Circle_3mm.uexp" 488
"../../../Engine/Plugins/Animation/ControlRig/Content/Controls/ControlRig_Circle_1mm.ubulk" 489
"../../../Engine/Plugins/Animation/ControlRig/Content/Controls/ControlRig_Circle_1mm.uasset" 490
"../../../Engine/Plugins/Animation/ControlRig/Content/Controls/ControlRig_Circle_1mm.uexp" 491
"../../../Engine/Plugins/Animation/ControlRig/Content/Controls/ControlRig_Box_solid.ubulk" 492
"../../../Engine/Plugins/Animation/ControlRig/Content/Controls/ControlRig_Box_solid.uasset" 493
"../../../Engine/Plugins/Animation/ControlRig/Content/Controls/ControlRig_Box_solid.uexp" 494
"../../../Engine/Plugins/Animation/ControlRig/Content/Controls/ControlRig_Box_3mm.ubulk" 495
"../../../Engine/Plugins/Animation/ControlRig/Content/Controls/ControlRig_Box_3mm.uasset" 496
"../../../Engine/Plugins/Animation/ControlRig/Content/Controls/ControlRig_Box_3mm.uexp" 497
"../../../Engine/Plugins/Animation/ControlRig/Content/Controls/ControlRig_Box_1mm.ubulk" 498
"../../../Engine/Plugins/Animation/ControlRig/Content/Controls/ControlRig_Box_1mm.uasset" 499
"../../../Engine/Plugins/Animation/ControlRig/Content/Controls/ControlRig_Box_1mm.uexp" 500
"../../../Engine/Plugins/Animation/ControlRig/Content/Controls/ControlRig_Arrow_solid.ubulk" 501
"../../../Engine/Plugins/Animation/ControlRig/Content/Controls/ControlRig_Arrow_solid.uasset" 502
"../../../Engine/Plugins/Animation/ControlRig/Content/Controls/ControlRig_Arrow_solid.uexp" 503
"../../../Engine/Plugins/Animation/ControlRig/Content/Controls/ControlRig_Arrow_3mm.ubulk" 504
"../../../Engine/Plugins/Animation/ControlRig/Content/Controls/ControlRig_Arrow_3mm.uasset" 505
"../../../Engine/Plugins/Animation/ControlRig/Content/Controls/ControlRig_Arrow_3mm.uexp" 506
"../../../Engine/Plugins/Animation/ControlRig/Content/Controls/ControlRig_Arrow_1mm.ubulk" 507
"../../../Engine/Plugins/Animation/ControlRig/Content/Controls/ControlRig_Arrow_1mm.uasset" 508
"../../../Engine/Plugins/Animation/ControlRig/Content/Controls/ControlRig_Arrow_1mm.uexp" 509
"../../../Engine/Plugins/Animation/ControlRig/Content/Controls/ControlRig_Arrow4_solid.ubulk" 510
"../../../Engine/Plugins/Animation/ControlRig/Content/Controls/ControlRig_Arrow4_solid.uasset" 511
"../../../Engine/Plugins/Animation/ControlRig/Content/Controls/ControlRig_Arrow4_solid.uexp" 512
"../../../Engine/Plugins/Animation/ControlRig/Content/Controls/ControlRig_Arrow4_3mm.ubulk" 513
"../../../Engine/Plugins/Animation/ControlRig/Content/Controls/ControlRig_Arrow4_3mm.uasset" 514
"../../../Engine/Plugins/Animation/ControlRig/Content/Controls/ControlRig_Arrow4_3mm.uexp" 515
"../../../Engine/Plugins/Animation/ControlRig/Content/Controls/ControlRig_Arrow4_1mm.ubulk" 516
"../../../Engine/Plugins/Animation/ControlRig/Content/Controls/ControlRig_Arrow4_1mm.uasset" 517
"../../../Engine/Plugins/Animation/ControlRig/Content/Controls/ControlRig_Arrow4_1mm.uexp" 518
"../../../Engine/Plugins/Animation/ControlRig/Content/Controls/ControlRig_Arrow2_solid.ubulk" 519
"../../../Engine/Plugins/Animation/ControlRig/Content/Controls/ControlRig_Arrow2_solid.uasset" 520
"../../../Engine/Plugins/Animation/ControlRig/Content/Controls/ControlRig_Arrow2_solid.uexp" 521
"../../../Engine/Plugins/Animation/ControlRig/Content/Controls/ControlRig_Arrow2_3mm.ubulk" 522
"../../../Engine/Plugins/Animation/ControlRig/Content/Controls/ControlRig_Arrow2_3mm.uasset" 523
"../../../Engine/Plugins/Animation/ControlRig/Content/Controls/ControlRig_Arrow2_3mm.uexp" 524
"../../../Engine/Plugins/Animation/ControlRig/Content/Controls/ControlRig_Arrow2_1mm.ubulk" 525
"../../../Engine/Plugins/Animation/ControlRig/Content/Controls/ControlRig_Arrow2_1mm.uasset" 526
"../../../Engine/Plugins/Animation/ControlRig/Content/Controls/ControlRig_Arrow2_1mm.uexp" 527
"../../../Engine/Plugins/Animation/ControlRig/Content/Controls/ControlRigGizmoMaterial.uasset" 528
"../../../Engine/Plugins/Animation/ControlRig/Content/Controls/ControlRigGizmoMaterial.uexp" 529
"../../../Engine/Plugins/Editor/SpeedTreeImporter/Content/SpeedTree9/game_wind_noise.ubulk" 530
"../../../Engine/Plugins/Editor/SpeedTreeImporter/Content/SpeedTree9/game_wind_noise.uasset" 531
"../../../Engine/Plugins/Editor/SpeedTreeImporter/Content/SpeedTree9/game_wind_noise.uexp" 532
"../../../Engine/Plugins/Editor/SpeedTreeImporter/Content/SpeedTree9/UnpackDirection.uasset" 533
"../../../Engine/Plugins/Editor/SpeedTreeImporter/Content/SpeedTree9/UnpackDirection.uexp" 534
"../../../Engine/Content/Functions/Engine_MaterialFunctions02/ObjectLocalBounds.uasset" 535
"../../../Engine/Content/Functions/Engine_MaterialFunctions02/ObjectLocalBounds.uexp" 536
"../../../Engine/Content/Functions/Engine_MaterialFunctions02/UVs/BoundingBoxBased_0-1_UVW.uasset" 537
"../../../Engine/Content/Functions/Engine_MaterialFunctions02/UVs/BoundingBoxBased_0-1_UVW.uexp" 538
"../../../Engine/Content/Functions/Engine_MaterialFunctions02/Utility/VectorLength.uasset" 539
"../../../Engine/Content/Functions/Engine_MaterialFunctions02/Utility/VectorLength.uexp" 540
"../../../Engine/Plugins/Editor/SpeedTreeImporter/Content/SpeedTree9/UnpackInteger3.uasset" 541
"../../../Engine/Plugins/Editor/SpeedTreeImporter/Content/SpeedTree9/UnpackInteger3.uexp" 542
"../../../Engine/Plugins/Editor/SpeedTreeImporter/Content/SpeedTree9/SpeedTreeCameraFacing.uasset" 543
"../../../Engine/Plugins/Editor/SpeedTreeImporter/Content/SpeedTree9/SpeedTreeCameraFacing.uexp" 544
"../../../Engine/Content/Functions/Engine_MaterialFunctions02/WorldPositionOffset/ObjectScale.uasset" 545
"../../../Engine/Content/Functions/Engine_MaterialFunctions02/WorldPositionOffset/ObjectScale.uexp" 546
"../../../Engine/Content/Functions/Engine_MaterialFunctions02/SafeNormalize.uasset" 547
"../../../Engine/Content/Functions/Engine_MaterialFunctions02/SafeNormalize.uexp" 548
"../../../Engine/Plugins/Editor/SpeedTreeImporter/Content/SpeedTree9/SpeedTreeWindMotion.uasset" 549
"../../../Engine/Plugins/Editor/SpeedTreeImporter/Content/SpeedTree9/SpeedTreeWindMotion.uexp" 550
"../../../Engine/Plugins/Editor/SpeedTreeImporter/Content/SpeedTree9/SpeedTreeBranchMotion.uasset" 551
"../../../Engine/Plugins/Editor/SpeedTreeImporter/Content/SpeedTree9/SpeedTreeBranchMotion.uexp" 552
"../../../Engine/Plugins/Editor/SpeedTreeImporter/Content/SpeedTree9/SpeedTreeWind.uasset" 553
"../../../Engine/Plugins/Editor/SpeedTreeImporter/Content/SpeedTree9/SpeedTreeWind.uexp" 554
"../../../Engine/Plugins/Editor/SpeedTreeImporter/Content/SpeedTree9/EmptyNormal.uasset" 555
"../../../Engine/Plugins/Editor/SpeedTreeImporter/Content/SpeedTree9/EmptyNormal.uexp" 556
"../../../Engine/Plugins/Editor/SpeedTreeImporter/Content/SpeedTree9/Empty.uasset" 557
"../../../Engine/Plugins/Editor/SpeedTreeImporter/Content/SpeedTree9/Empty.uexp" 558
"../../../Engine/Plugins/Editor/SpeedTreeImporter/Content/SpeedTree9/SpeedTreeMaster.uasset" 559
"../../../Engine/Plugins/Editor/SpeedTreeImporter/Content/SpeedTree9/SpeedTreeMaster.uexp" 560
"../../../Engine/Plugins/Editor/SpeedTreeImporter/Content/SpeedTree9/SpeedTreeBillboard.uasset" 561
"../../../Engine/Plugins/Editor/SpeedTreeImporter/Content/SpeedTree9/SpeedTreeBillboard.uexp" 562
"../../../Engine/Plugins/Editor/SpeedTreeImporter/Content/SpeedTree9/SpeedTreeBillboardMaster.uasset" 563
"../../../Engine/Plugins/Editor/SpeedTreeImporter/Content/SpeedTree9/SpeedTreeBillboardMaster.uexp" 564
"../../../Engine/Plugins/Runtime/HairStrands/Content/Materials/HairMeshesDefaultMaterial.uasset" 565
"../../../Engine/Plugins/Runtime/HairStrands/Content/Materials/HairMeshesDefaultMaterial.uexp" 566
"../../../Engine/Plugins/Runtime/HairStrands/Content/Materials/HairDefaultMaterial.uasset" 567
"../../../Engine/Plugins/Runtime/HairStrands/Content/Materials/HairDefaultMaterial.uexp" 568
"../../../Engine/Plugins/Runtime/HairStrands/Content/Materials/HairGroupColors.uasset" 569
"../../../Engine/Plugins/Runtime/HairStrands/Content/Materials/HairGroupColors.uexp" 570
"../../../Engine/Content/EngineMaterials/HairColorMap.uasset" 571
"../../../Engine/Content/EngineMaterials/HairColorMap.uexp" 572
"../../../Engine/Content/EngineMaterials/HairDebugColor.uasset" 573
"../../../Engine/Content/EngineMaterials/HairDebugColor.uexp" 574
"../../../Engine/Plugins/Runtime/HairStrands/Content/Materials/HairDebugMaterial.uasset" 575
"../../../Engine/Plugins/Runtime/HairStrands/Content/Materials/HairDebugMaterial.uexp" 576
"../../../Engine/Plugins/Runtime/HairStrands/Content/Materials/HairCardsDefaultMaterial.uasset" 577
"../../../Engine/Plugins/Runtime/HairStrands/Content/Materials/HairCardsDefaultMaterial.uexp" 578
"C:/Devs/Games/GDP204/GDP204-Assessment/Content/MAP/MainMenu/title.uasset" 579
"C:/Devs/Games/GDP204/GDP204-Assessment/Content/MAP/MainMenu/title.uexp" 580
"C:/Devs/Games/GDP204/GDP204-Assessment/Content/MAP/MainMenu/play.uasset" 581
"C:/Devs/Games/GDP204/GDP204-Assessment/Content/MAP/MainMenu/play.uexp" 582
"../../../Engine/Content/EditorBlueprintResources/StandardMacros.uasset" 583
"../../../Engine/Content/EditorBlueprintResources/StandardMacros.uexp" 584
"C:/Devs/Games/GDP204/GDP204-Assessment/Content/MAP/MainMenu/MainMenu_UI.uasset" 585
"C:/Devs/Games/GDP204/GDP204-Assessment/Content/MAP/MainMenu/MainMenu_UI.uexp" 586
"C:/Devs/Games/GDP204/GDP204-Assessment/Content/MAP/MainMenu/MainMenu_Controller.uasset" 587
"C:/Devs/Games/GDP204/GDP204-Assessment/Content/MAP/MainMenu/MainMenu_Controller.uexp" 588
"C:/Devs/Games/GDP204/GDP204-Assessment/Content/MAP/MainMenu/MainMenu_GM.uasset" 589
"C:/Devs/Games/GDP204/GDP204-Assessment/Content/MAP/MainMenu/MainMenu_GM.uexp" 590
"C:/Devs/Games/GDP204/GDP204-Assessment/Content/MAP/MainMenu/MainMenu.uexp" 591
"C:/Devs/Games/GDP204/GDP204-Assessment/Content/MAP/MainMenu/MainMenu.umap" 592
"../../../Engine/Content/Maps/Entry_BuiltData.uasset" 593
"../../../Engine/Content/Maps/Entry_BuiltData.uexp" 594
"../../../Engine/Content/Maps/Entry.uexp" 595
"../../../Engine/Content/Maps/Entry.umap" 596
"C:/Devs/Games/GDP204/GDP204-Assessment/Content/MAP/Backgrounds/mid_left_mystic.uasset" 597
"C:/Devs/Games/GDP204/GDP204-Assessment/Content/MAP/Backgrounds/mid_left_mystic.uexp" 598
"C:/Devs/Games/GDP204/GDP204-Assessment/Content/MAP/E_Biome.uasset" 599
"C:/Devs/Games/GDP204/GDP204-Assessment/Content/MAP/E_Biome.uexp" 600
"C:/Devs/Games/GDP204/GDP204-Assessment/Content/MAP/Trees/tree_mystic.uasset" 601
"C:/Devs/Games/GDP204/GDP204-Assessment/Content/MAP/Trees/tree_mystic.uexp" 602
"C:/Devs/Games/GDP204/GDP204-Assessment/Content/MAP/Trees/SP_TreeMystic.uasset" 603
"C:/Devs/Games/GDP204/GDP204-Assessment/Content/MAP/Trees/SP_TreeMystic.uexp" 604
"C:/Devs/Games/GDP204/GDP204-Assessment/Content/MAP/Bushes/bush_volcanic.uasset" 605
"C:/Devs/Games/GDP204/GDP204-Assessment/Content/MAP/Bushes/bush_volcanic.uexp" 606
"../../../Engine/Plugins/2D/Paper2D/Content/TranslucentUnlitSpriteMaterial.uasset" 607
"../../../Engine/Plugins/2D/Paper2D/Content/TranslucentUnlitSpriteMaterial.uexp" 608
"C:/Devs/Games/GDP204/GDP204-Assessment/Content/MAP/Bushes/bush_volcanic_Sprite.uasset" 609
"C:/Devs/Games/GDP204/GDP204-Assessment/Content/MAP/Bushes/bush_volcanic_Sprite.uexp" 610
"C:/Devs/Games/GDP204/GDP204-Assessment/Content/MAP/Bushes/bush_mystic.uasset" 611
"C:/Devs/Games/GDP204/GDP204-Assessment/Content/MAP/Bushes/bush_mystic.uexp" 612
"C:/Devs/Games/GDP204/GDP204-Assessment/Content/MAP/Bushes/bush_mystic_Sprite.uasset" 613
"C:/Devs/Games/GDP204/GDP204-Assessment/Content/MAP/Bushes/bush_mystic_Sprite.uexp" 614
"C:/Devs/Games/GDP204/GDP204-Assessment/Content/MAP/Bushes/bush_ice.uasset" 615
"C:/Devs/Games/GDP204/GDP204-Assessment/Content/MAP/Bushes/bush_ice.uexp" 616
"C:/Devs/Games/GDP204/GDP204-Assessment/Content/MAP/Bushes/bush_ice_Sprite.uasset" 617
"C:/Devs/Games/GDP204/GDP204-Assessment/Content/MAP/Bushes/bush_ice_Sprite.uexp" 618
"C:/Devs/Games/GDP204/GDP204-Assessment/Content/MAP/Bushes/bush_grass.uasset" 619
"C:/Devs/Games/GDP204/GDP204-Assessment/Content/MAP/Bushes/bush_grass.uexp" 620
"C:/Devs/Games/GDP204/GDP204-Assessment/Content/MAP/Bushes/bush_grass_Sprite.uasset" 621
"C:/Devs/Games/GDP204/GDP204-Assessment/Content/MAP/Bushes/bush_grass_Sprite.uexp" 622
"C:/Devs/Games/GDP204/GDP204-Assessment/Content/MAP/Bushes/Bushes.uasset" 623
"C:/Devs/Games/GDP204/GDP204-Assessment/Content/MAP/Bushes/Bushes.uexp" 624
"C:/Devs/Games/GDP204/GDP204-Assessment/Content/Player/Animations/E_AnimationStates.uasset" 625
"C:/Devs/Games/GDP204/GDP204-Assessment/Content/Player/Animations/E_AnimationStates.uexp" 626
"C:/Devs/Games/GDP204/GDP204-Assessment/Content/MAP/Puzzles/Assets/interact_icon.uasset" 627
"C:/Devs/Games/GDP204/GDP204-Assessment/Content/MAP/Puzzles/Assets/interact_icon.uexp" 628
"C:/Devs/Games/GDP204/GDP204-Assessment/Content/MAP/Puzzles/Assets/interact_icon_Sprite.uasset" 629
"C:/Devs/Games/GDP204/GDP204-Assessment/Content/MAP/Puzzles/Assets/interact_icon_Sprite.uexp" 630
"C:/Devs/Games/GDP204/GDP204-Assessment/Content/Cats/Images/angel_cat.uasset" 631
"C:/Devs/Games/GDP204/GDP204-Assessment/Content/Cats/Images/angel_cat.uexp" 632
"C:/Devs/Games/GDP204/GDP204-Assessment/Content/Cats/Sprites/angel.uasset" 633
"C:/Devs/Games/GDP204/GDP204-Assessment/Content/Cats/Sprites/angel.uexp" 634
"C:/Devs/Games/GDP204/GDP204-Assessment/Content/Cats/Images/tall_cat.uasset" 635
"C:/Devs/Games/GDP204/GDP204-Assessment/Content/Cats/Images/tall_cat.uexp" 636
"C:/Devs/Games/GDP204/GDP204-Assessment/Content/Cats/Sprites/tall.uasset" 637
"C:/Devs/Games/GDP204/GDP204-Assessment/Content/Cats/Sprites/tall.uexp" 638
"C:/Devs/Games/GDP204/GDP204-Assessment/Content/Cats/Images/maine_coon.uasset" 639
"C:/Devs/Games/GDP204/GDP204-Assessment/Content/Cats/Images/maine_coon.uexp" 640
"C:/Devs/Games/GDP204/GDP204-Assessment/Content/Cats/Sprites/MaineCoon.uasset" 641
"C:/Devs/Games/GDP204/GDP204-Assessment/Content/Cats/Sprites/MaineCoon.uexp" 642
"C:/Devs/Games/GDP204/GDP204-Assessment/Content/Cats/Images/mocha.uasset" 643
"C:/Devs/Games/GDP204/GDP204-Assessment/Content/Cats/Images/mocha.uexp" 644
"C:/Devs/Games/GDP204/GDP204-Assessment/Content/Cats/Images/adventurer.uasset" 645
"C:/Devs/Games/GDP204/GDP204-Assessment/Content/Cats/Images/adventurer.uexp" 646
"C:/Devs/Games/GDP204/GDP204-Assessment/Content/Cats/Images/dog.uasset" 647
"C:/Devs/Games/GDP204/GDP204-Assessment/Content/Cats/Images/dog.uexp" 648
"C:/Devs/Games/GDP204/GDP204-Assessment/Content/Cats/Images/sakura.uasset" 649
"C:/Devs/Games/GDP204/GDP204-Assessment/Content/Cats/Images/sakura.uexp" 650
"C:/Devs/Games/GDP204/GDP204-Assessment/Content/Cats/Sprites/Sakura.uasset" 651
"C:/Devs/Games/GDP204/GDP204-Assessment/Content/Cats/Sprites/Sakura.uexp" 652
"C:/Devs/Games/GDP204/GDP204-Assessment/Content/Cats/Images/base_cat-export.uasset" 653
"C:/Devs/Games/GDP204/GDP204-Assessment/Content/Cats/Images/base_cat-export.uexp" 654
"C:/Devs/Games/GDP204/GDP204-Assessment/Content/Cats/Images/dev_cat.uasset" 655
"C:/Devs/Games/GDP204/GDP204-Assessment/Content/Cats/Images/dev_cat.uexp" 656
"C:/Devs/Games/GDP204/GDP204-Assessment/Content/Cats/Images/designer_cat.uasset" 657
"C:/Devs/Games/GDP204/GDP204-Assessment/Content/Cats/Images/designer_cat.uexp" 658
"C:/Devs/Games/GDP204/GDP204-Assessment/Content/Cats/Sprites/designer.uasset" 659
"C:/Devs/Games/GDP204/GDP204-Assessment/Content/Cats/Sprites/designer.uexp" 660
"C:/Devs/Games/GDP204/GDP204-Assessment/Content/Cats/Images/spirit_cat.uasset" 661
"C:/Devs/Games/GDP204/GDP204-Assessment/Content/Cats/Images/spirit_cat.uexp" 662
"C:/Devs/Games/GDP204/GDP204-Assessment/Content/Cats/Images/onigiri.uasset" 663
"C:/Devs/Games/GDP204/GDP204-Assessment/Content/Cats/Images/onigiri.uexp" 664
"C:/Devs/Games/GDP204/GDP204-Assessment/Content/Cats/Sprites/Onigiri.uasset" 665
"C:/Devs/Games/GDP204/GDP204-Assessment/Content/Cats/Sprites/Onigiri.uexp" 666
"C:/Devs/Games/GDP204/GDP204-Assessment/Content/Cats/Images/cat_cat.uasset" 667
"C:/Devs/Games/GDP204/GDP204-Assessment/Content/Cats/Images/cat_cat.uexp" 668
"C:/Devs/Games/GDP204/GDP204-Assessment/Content/Cats/Images/artist_cat.uasset" 669
"C:/Devs/Games/GDP204/GDP204-Assessment/Content/Cats/Images/artist_cat.uexp" 670
"C:/Devs/Games/GDP204/GDP204-Assessment/Content/Cats/Images/demon_cat.uasset" 671
"C:/Devs/Games/GDP204/GDP204-Assessment/Content/Cats/Images/demon_cat.uexp" 672
"C:/Devs/Games/GDP204/GDP204-Assessment/Content/Cats/Sprites/CatCat.uasset" 673
"C:/Devs/Games/GDP204/GDP204-Assessment/Content/Cats/Sprites/CatCat.uexp" 674
"C:/Devs/Games/GDP204/GDP204-Assessment/Content/Cats/Images/long_cat.uasset" 675
"C:/Devs/Games/GDP204/GDP204-Assessment/Content/Cats/Images/long_cat.uexp" 676
"C:/Devs/Games/GDP204/GDP204-Assessment/Content/Cats/Images/gerald.uasset" 677
"C:/Devs/Games/GDP204/GDP204-Assessment/Content/Cats/Images/gerald.uexp" 678
"C:/Devs/Games/GDP204/GDP204-Assessment/Content/Cats/Sprites/long.uasset" 679
"C:/Devs/Games/GDP204/GDP204-Assessment/Content/Cats/Sprites/long.uexp" 680
"C:/Devs/Games/GDP204/GDP204-Assessment/Content/Cats/Images/taiyaki.uasset" 681
"C:/Devs/Games/GDP204/GDP204-Assessment/Content/Cats/Images/taiyaki.uexp" 682
"C:/Devs/Games/GDP204/GDP204-Assessment/Content/Cats/Sprites/Taiyaki.uasset" 683
"C:/Devs/Games/GDP204/GDP204-Assessment/Content/Cats/Sprites/Taiyaki.uexp" 684
"C:/Devs/Games/GDP204/GDP204-Assessment/Content/Cats/Images/biblically_accurate_angel_cat.uasset" 685
"C:/Devs/Games/GDP204/GDP204-Assessment/Content/Cats/Images/biblically_accurate_angel_cat.uexp" 686
"C:/Devs/Games/GDP204/GDP204-Assessment/Content/Cats/Sprites/artist.uasset" 687
"C:/Devs/Games/GDP204/GDP204-Assessment/Content/Cats/Sprites/artist.uexp" 688
"C:/Devs/Games/GDP204/GDP204-Assessment/Content/Cats/Sprites/DogCat.uasset" 689
"C:/Devs/Games/GDP204/GDP204-Assessment/Content/Cats/Sprites/DogCat.uexp" 690
"C:/Devs/Games/GDP204/GDP204-Assessment/Content/Cats/Sprites/demon.uasset" 691
"C:/Devs/Games/GDP204/GDP204-Assessment/Content/Cats/Sprites/demon.uexp" 692
"C:/Devs/Games/GDP204/GDP204-Assessment/Content/Cats/Sprites/BaseCat.uasset" 693
"C:/Devs/Games/GDP204/GDP204-Assessment/Content/Cats/Sprites/BaseCat.uexp" 694
"C:/Devs/Games/GDP204/GDP204-Assessment/Content/Cats/Sprites/developer.uasset" 695
"C:/Devs/Games/GDP204/GDP204-Assessment/Content/Cats/Sprites/developer.uexp" 696
"C:/Devs/Games/GDP204/GDP204-Assessment/Content/Cats/Sprites/Gerald.uasset" 697
"C:/Devs/Games/GDP204/GDP204-Assessment/Content/Cats/Sprites/Gerald.uexp" 698
"C:/Devs/Games/GDP204/GDP204-Assessment/Content/Cats/Rarity.uasset" 699
"C:/Devs/Games/GDP204/GDP204-Assessment/Content/Cats/Rarity.uexp" 700
"C:/Devs/Games/GDP204/GDP204-Assessment/Content/Cats/Cat_Struct.uasset" 701
"C:/Devs/Games/GDP204/GDP204-Assessment/Content/Cats/Cat_Struct.uexp" 702
"C:/Devs/Games/GDP204/GDP204-Assessment/Content/Cats/Sprites/BiblicallyAcurateAngel.uasset" 703
"C:/Devs/Games/GDP204/GDP204-Assessment/Content/Cats/Sprites/BiblicallyAcurateAngel.uexp" 704
"C:/Devs/Games/GDP204/GDP204-Assessment/Content/Cats/Sprites/Adventurer.uasset" 705
"C:/Devs/Games/GDP204/GDP204-Assessment/Content/Cats/Sprites/Adventurer.uexp" 706
"C:/Devs/Games/GDP204/GDP204-Assessment/Content/Cats/Sprites/Mocha.uasset" 707
"C:/Devs/Games/GDP204/GDP204-Assessment/Content/Cats/Sprites/Mocha.uexp" 708
"C:/Devs/Games/GDP204/GDP204-Assessment/Content/Cats/Sprites/Spirit.uasset" 709
"C:/Devs/Games/GDP204/GDP204-Assessment/Content/Cats/Sprites/Spirit.uexp" 710
"C:/Devs/Games/GDP204/GDP204-Assessment/Content/Cats/Catopedia.uasset" 711
"C:/Devs/Games/GDP204/GDP204-Assessment/Content/Cats/Catopedia.uexp" 712
"C:/Devs/Games/GDP204/GDP204-Assessment/Content/Cats/AI/BTTask_Random_Movement.uasset" 713
"C:/Devs/Games/GDP204/GDP204-Assessment/Content/Cats/AI/BTTask_Random_Movement.uexp" 714
"C:/Devs/Games/GDP204/GDP204-Assessment/Content/Cats/AI/BB_Cat.uasset" 715
"C:/Devs/Games/GDP204/GDP204-Assessment/Content/Cats/AI/BB_Cat.uexp" 716
"C:/Devs/Games/GDP204/GDP204-Assessment/Content/Cats/AI/BT_Cat.uasset" 717
"C:/Devs/Games/GDP204/GDP204-Assessment/Content/Cats/AI/BT_Cat.uexp" 718
"C:/Devs/Games/GDP204/GDP204-Assessment/Content/Cats/AI/AIC_Cats.uasset" 719
"C:/Devs/Games/GDP204/GDP204-Assessment/Content/Cats/AI/AIC_Cats.uexp" 720
"C:/Devs/Games/GDP204/GDP204-Assessment/Content/Cats/CatBase_Char.uasset" 721
"C:/Devs/Games/GDP204/GDP204-Assessment/Content/Cats/CatBase_Char.uexp" 722
"C:/Devs/Games/GDP204/GDP204-Assessment/Content/MAP/Puzzles/BP_PuzzleMain.uasset" 723
"C:/Devs/Games/GDP204/GDP204-Assessment/Content/MAP/Puzzles/BP_PuzzleMain.uexp" 724
"C:/Devs/Games/GDP204/GDP204-Assessment/Content/MAP/Puzzles/BP_GeraldPuzzle.uasset" 725
"C:/Devs/Games/GDP204/GDP204-Assessment/Content/MAP/Puzzles/BP_GeraldPuzzle.uexp" 726
"C:/Devs/Games/GDP204/GDP204-Assessment/Content/MAP/Puzzles/Assets/interact_icon1.uasset" 727
"C:/Devs/Games/GDP204/GDP204-Assessment/Content/MAP/Puzzles/Assets/interact_icon1.uexp" 728
"C:/Devs/Games/GDP204/GDP204-Assessment/Content/MAP/Puzzles/Assets/interact_icon1_Sprite.uasset" 729
"C:/Devs/Games/GDP204/GDP204-Assessment/Content/MAP/Puzzles/Assets/interact_icon1_Sprite.uexp" 730
"C:/Devs/Games/GDP204/GDP204-Assessment/Content/MAP/Puzzles/Assets/PuzzlePieces.uasset" 731
"C:/Devs/Games/GDP204/GDP204-Assessment/Content/MAP/Puzzles/Assets/PuzzlePieces.uexp" 732
"C:/Devs/Games/GDP204/GDP204-Assessment/Content/Player/HUD/quit.uasset" 733
"C:/Devs/Games/GDP204/GDP204-Assessment/Content/Player/HUD/quit.uexp" 734
"C:/Devs/Games/GDP204/GDP204-Assessment/Content/Player/HUD/pawsed.uasset" 735
"C:/Devs/Games/GDP204/GDP204-Assessment/Content/Player/HUD/pawsed.uexp" 736
"C:/Devs/Games/GDP204/GDP204-Assessment/Content/Player/HUD/PAUSE.uasset" 737
"C:/Devs/Games/GDP204/GDP204-Assessment/Content/Player/HUD/PAUSE.uexp" 738
"C:/Devs/Games/GDP204/GDP204-Assessment/Content/Player/HUD/HUD.uasset" 739
"C:/Devs/Games/GDP204/GDP204-Assessment/Content/Player/HUD/HUD.uexp" 740
"C:/Devs/Games/GDP204/GDP204-Assessment/Content/Player/Sprites/player_front.uasset" 741
"C:/Devs/Games/GDP204/GDP204-Assessment/Content/Player/Sprites/player_front.uexp" 742
"C:/Devs/Games/GDP204/GDP204-Assessment/Content/Player/Sprites/player_front_Sprite.uasset" 743
"C:/Devs/Games/GDP204/GDP204-Assessment/Content/Player/Sprites/player_front_Sprite.uexp" 744
"C:/Devs/Games/GDP204/GDP204-Assessment/Content/Player/Animations/Front.uasset" 745
"C:/Devs/Games/GDP204/GDP204-Assessment/Content/Player/Animations/Front.uexp" 746
"C:/Devs/Games/GDP204/GDP204-Assessment/Content/Cats/Catpedia-Item.uasset" 747
"C:/Devs/Games/GDP204/GDP204-Assessment/Content/Cats/Catpedia-Item.uexp" 748
"C:/Devs/Games/GDP204/GDP204-Assessment/Content/Cats/Catpedia.uasset" 749
"C:/Devs/Games/GDP204/GDP204-Assessment/Content/Cats/Catpedia.uexp" 750
"C:/Devs/Games/GDP204/GDP204-Assessment/Content/MAP/Puzzles/MainCoon_Puzzle_Struct.uasset" 751
"C:/Devs/Games/GDP204/GDP204-Assessment/Content/MAP/Puzzles/MainCoon_Puzzle_Struct.uexp" 752
"C:/Devs/Games/GDP204/GDP204-Assessment/Content/MAP/Puzzles/BP_MaineCoon_Puzzle.uasset" 753
"C:/Devs/Games/GDP204/GDP204-Assessment/Content/MAP/Puzzles/BP_MaineCoon_Puzzle.uexp" 754
"C:/Devs/Games/GDP204/GDP204-Assessment/Content/Player/Sprites/player_right.uasset" 755
"C:/Devs/Games/GDP204/GDP204-Assessment/Content/Player/Sprites/player_right.uexp" 756
"C:/Devs/Games/GDP204/GDP204-Assessment/Content/Player/Sprites/player_right_Sprite.uasset" 757
"C:/Devs/Games/GDP204/GDP204-Assessment/Content/Player/Sprites/player_right_Sprite.uexp" 758
"C:/Devs/Games/GDP204/GDP204-Assessment/Content/Player/Animations/Right.uasset" 759
"C:/Devs/Games/GDP204/GDP204-Assessment/Content/Player/Animations/Right.uexp" 760
"C:/Devs/Games/GDP204/GDP204-Assessment/Content/Player/Sprites/player_left.uasset" 761
"C:/Devs/Games/GDP204/GDP204-Assessment/Content/Player/Sprites/player_left.uexp" 762
"C:/Devs/Games/GDP204/GDP204-Assessment/Content/Player/Sprites/player_left_Sprite.uasset" 763
"C:/Devs/Games/GDP204/GDP204-Assessment/Content/Player/Sprites/player_left_Sprite.uexp" 764
"C:/Devs/Games/GDP204/GDP204-Assessment/Content/Player/Animations/Left.uasset" 765
"C:/Devs/Games/GDP204/GDP204-Assessment/Content/Player/Animations/Left.uexp" 766
"C:/Devs/Games/GDP204/GDP204-Assessment/Content/Player/Sprites/player_back.uasset" 767
"C:/Devs/Games/GDP204/GDP204-Assessment/Content/Player/Sprites/player_back.uexp" 768
"C:/Devs/Games/GDP204/GDP204-Assessment/Content/Player/Sprites/player_back_Sprite.uasset" 769
"C:/Devs/Games/GDP204/GDP204-Assessment/Content/Player/Sprites/player_back_Sprite.uexp" 770
"C:/Devs/Games/GDP204/GDP204-Assessment/Content/Player/Animations/Back.uasset" 771
"C:/Devs/Games/GDP204/GDP204-Assessment/Content/Player/Animations/Back.uexp" 772
"C:/Devs/Games/GDP204/GDP204-Assessment/Content/MAP/Puzzles/Assets/googly_eye_rock.uasset" 773
"C:/Devs/Games/GDP204/GDP204-Assessment/Content/MAP/Puzzles/Assets/googly_eye_rock.uexp" 774
"C:/Devs/Games/GDP204/GDP204-Assessment/Content/MAP/Puzzles/Assets/googly_eye_rock_Sprite.uasset" 775
"C:/Devs/Games/GDP204/GDP204-Assessment/Content/MAP/Puzzles/Assets/googly_eye_rock_Sprite.uexp" 776
"C:/Devs/Games/GDP204/GDP204-Assessment/Content/MAP/Puzzles/DogCatPuzzle.uasset" 777
"C:/Devs/Games/GDP204/GDP204-Assessment/Content/MAP/Puzzles/DogCatPuzzle.uexp" 778
"C:/Devs/Games/GDP204/GDP204-Assessment/Content/Player/NekoRyoshi.uasset" 779
"C:/Devs/Games/GDP204/GDP204-Assessment/Content/Player/NekoRyoshi.uexp" 780
"C:/Devs/Games/GDP204/GDP204-Assessment/Content/MAP/Puzzles/Assets/shrine_.uasset" 781
"C:/Devs/Games/GDP204/GDP204-Assessment/Content/MAP/Puzzles/Assets/shrine_.uexp" 782
"C:/Devs/Games/GDP204/GDP204-Assessment/Content/MAP/Puzzles/Assets/shrine__Sprite.uasset" 783
"C:/Devs/Games/GDP204/GDP204-Assessment/Content/MAP/Puzzles/Assets/shrine__Sprite.uexp" 784
"C:/Devs/Games/GDP204/GDP204-Assessment/Content/MAP/Trees/tree.uasset" 785
"C:/Devs/Games/GDP204/GDP204-Assessment/Content/MAP/Trees/tree.uexp" 786
"C:/Devs/Games/GDP204/GDP204-Assessment/Content/MAP/Trees/SP_Tree.uasset" 787
"C:/Devs/Games/GDP204/GDP204-Assessment/Content/MAP/Trees/SP_Tree.uexp" 788
"C:/Devs/Games/GDP204/GDP204-Assessment/Content/StarterContent/Materials/M_Basic_Wall.uasset" 789
"C:/Devs/Games/GDP204/GDP204-Assessment/Content/StarterContent/Materials/M_Basic_Wall.uexp" 790
"C:/Devs/Games/GDP204/GDP204-Assessment/Content/StarterContent/Shapes/Shape_Cube.ubulk" 791
"C:/Devs/Games/GDP204/GDP204-Assessment/Content/StarterContent/Shapes/Shape_Cube.uasset" 792
"C:/Devs/Games/GDP204/GDP204-Assessment/Content/StarterContent/Shapes/Shape_Cube.uexp" 793
"C:/Devs/Games/GDP204/GDP204-Assessment/Content/MAP/Trees/tree_volcanic.uasset" 794
"C:/Devs/Games/GDP204/GDP204-Assessment/Content/MAP/Trees/tree_volcanic.uexp" 795
"C:/Devs/Games/GDP204/GDP204-Assessment/Content/MAP/Trees/SP_TreeVolcanic.uasset" 796
"C:/Devs/Games/GDP204/GDP204-Assessment/Content/MAP/Trees/SP_TreeVolcanic.uexp" 797
"C:/Devs/Games/GDP204/GDP204-Assessment/Content/MAP/Trees/tree_ice.uasset" 798
"C:/Devs/Games/GDP204/GDP204-Assessment/Content/MAP/Trees/tree_ice.uexp" 799
"C:/Devs/Games/GDP204/GDP204-Assessment/Content/MAP/Trees/SP_TreeIce.uasset" 800
"C:/Devs/Games/GDP204/GDP204-Assessment/Content/MAP/Trees/SP_TreeIce.uexp" 801
"C:/Devs/Games/GDP204/GDP204-Assessment/Content/MAP/Trees/Trees.uasset" 802
"C:/Devs/Games/GDP204/GDP204-Assessment/Content/MAP/Trees/Trees.uexp" 803
"C:/Devs/Games/GDP204/GDP204-Assessment/Content/MAP/Rocks/Large/rock_grass_large.uasset" 804
"C:/Devs/Games/GDP204/GDP204-Assessment/Content/MAP/Rocks/Large/rock_grass_large.uexp" 805
"C:/Devs/Games/GDP204/GDP204-Assessment/Content/MAP/Rocks/Large/rock_grass_large_Sprite.uasset" 806
"C:/Devs/Games/GDP204/GDP204-Assessment/Content/MAP/Rocks/Large/rock_grass_large_Sprite.uexp" 807
"C:/Devs/Games/GDP204/GDP204-Assessment/Content/MAP/Rocks/Small/rock_volcanic_small.uasset" 808
"C:/Devs/Games/GDP204/GDP204-Assessment/Content/MAP/Rocks/Small/rock_volcanic_small.uexp" 809
"C:/Devs/Games/GDP204/GDP204-Assessment/Content/MAP/Rocks/Small/rock_volcanic_small_Sprite.uasset" 810
"C:/Devs/Games/GDP204/GDP204-Assessment/Content/MAP/Rocks/Small/rock_volcanic_small_Sprite.uexp" 811
"C:/Devs/Games/GDP204/GDP204-Assessment/Content/MAP/Rocks/Small/rock_mystic_small.uasset" 812
"C:/Devs/Games/GDP204/GDP204-Assessment/Content/MAP/Rocks/Small/rock_mystic_small.uexp" 813
"C:/Devs/Games/GDP204/GDP204-Assessment/Content/MAP/Rocks/Small/rock_mystic_small_Sprite.uasset" 814
"C:/Devs/Games/GDP204/GDP204-Assessment/Content/MAP/Rocks/Small/rock_mystic_small_Sprite.uexp" 815
"C:/Devs/Games/GDP204/GDP204-Assessment/Content/MAP/Rocks/Small/rock_ice_small.uasset" 816
"C:/Devs/Games/GDP204/GDP204-Assessment/Content/MAP/Rocks/Small/rock_ice_small.uexp" 817
"C:/Devs/Games/GDP204/GDP204-Assessment/Content/MAP/Rocks/Small/rock_ice_small_Sprite.uasset" 818
"C:/Devs/Games/GDP204/GDP204-Assessment/Content/MAP/Rocks/Small/rock_ice_small_Sprite.uexp" 819
"C:/Devs/Games/GDP204/GDP204-Assessment/Content/MAP/Rocks/Small/rock_grass_small.uasset" 820
"C:/Devs/Games/GDP204/GDP204-Assessment/Content/MAP/Rocks/Small/rock_grass_small.uexp" 821
"C:/Devs/Games/GDP204/GDP204-Assessment/Content/MAP/Rocks/Small/rock_grass_small_Sprite.uasset" 822
"C:/Devs/Games/GDP204/GDP204-Assessment/Content/MAP/Rocks/Small/rock_grass_small_Sprite.uexp" 823
"C:/Devs/Games/GDP204/GDP204-Assessment/Content/MAP/Rocks/Medium/rock_volcanic_medium.uasset" 824
"C:/Devs/Games/GDP204/GDP204-Assessment/Content/MAP/Rocks/Medium/rock_volcanic_medium.uexp" 825
"C:/Devs/Games/GDP204/GDP204-Assessment/Content/MAP/Rocks/Medium/rock_volcanic_medium_Sprite.uasset" 826
"C:/Devs/Games/GDP204/GDP204-Assessment/Content/MAP/Rocks/Medium/rock_volcanic_medium_Sprite.uexp" 827
"C:/Devs/Games/GDP204/GDP204-Assessment/Content/MAP/Rocks/Medium/rock_mystic_medium.uasset" 828
"C:/Devs/Games/GDP204/GDP204-Assessment/Content/MAP/Rocks/Medium/rock_mystic_medium.uexp" 829
"C:/Devs/Games/GDP204/GDP204-Assessment/Content/MAP/Rocks/Medium/rock_mystic_medium_Sprite.uasset" 830
"C:/Devs/Games/GDP204/GDP204-Assessment/Content/MAP/Rocks/Medium/rock_mystic_medium_Sprite.uexp" 831
"C:/Devs/Games/GDP204/GDP204-Assessment/Content/MAP/Rocks/Medium/rock_ice_medium.uasset" 832
"C:/Devs/Games/GDP204/GDP204-Assessment/Content/MAP/Rocks/Medium/rock_ice_medium.uexp" 833
"C:/Devs/Games/GDP204/GDP204-Assessment/Content/MAP/Rocks/Medium/rock_ice_medium_Sprite.uasset" 834
"C:/Devs/Games/GDP204/GDP204-Assessment/Content/MAP/Rocks/Medium/rock_ice_medium_Sprite.uexp" 835
"C:/Devs/Games/GDP204/GDP204-Assessment/Content/MAP/Rocks/Medium/rock_grass_medium.uasset" 836
"C:/Devs/Games/GDP204/GDP204-Assessment/Content/MAP/Rocks/Medium/rock_grass_medium.uexp" 837
"C:/Devs/Games/GDP204/GDP204-Assessment/Content/MAP/Rocks/Medium/rock_grass_medium_Sprite.uasset" 838
"C:/Devs/Games/GDP204/GDP204-Assessment/Content/MAP/Rocks/Medium/rock_grass_medium_Sprite.uexp" 839
"C:/Devs/Games/GDP204/GDP204-Assessment/Content/MAP/Rocks/Large/rock_volcanic_large.uasset" 840
"C:/Devs/Games/GDP204/GDP204-Assessment/Content/MAP/Rocks/Large/rock_volcanic_large.uexp" 841
"C:/Devs/Games/GDP204/GDP204-Assessment/Content/MAP/Rocks/Large/rock_volcanic_large_Sprite.uasset" 842
"C:/Devs/Games/GDP204/GDP204-Assessment/Content/MAP/Rocks/Large/rock_volcanic_large_Sprite.uexp" 843
"C:/Devs/Games/GDP204/GDP204-Assessment/Content/MAP/Rocks/Large/rock_mystic_large.uasset" 844
"C:/Devs/Games/GDP204/GDP204-Assessment/Content/MAP/Rocks/Large/rock_mystic_large.uexp" 845
"C:/Devs/Games/GDP204/GDP204-Assessment/Content/MAP/Rocks/Large/rock_mystic_large_Sprite.uasset" 846
"C:/Devs/Games/GDP204/GDP204-Assessment/Content/MAP/Rocks/Large/rock_mystic_large_Sprite.uexp" 847
"C:/Devs/Games/GDP204/GDP204-Assessment/Content/MAP/Rocks/Large/rock_ice_large.uasset" 848
"C:/Devs/Games/GDP204/GDP204-Assessment/Content/MAP/Rocks/Large/rock_ice_large.uexp" 849
"C:/Devs/Games/GDP204/GDP204-Assessment/Content/MAP/Rocks/Large/rock_ice_large_Sprite.uasset" 850
"C:/Devs/Games/GDP204/GDP204-Assessment/Content/MAP/Rocks/Large/rock_ice_large_Sprite.uexp" 851
"C:/Devs/Games/GDP204/GDP204-Assessment/Content/MAP/Rocks/Rocks.uasset" 852
"C:/Devs/Games/GDP204/GDP204-Assessment/Content/MAP/Rocks/Rocks.uexp" 853
"C:/Devs/Games/GDP204/GDP204-Assessment/Content/MAP/Backgrounds/grasslands.uasset" 854
"C:/Devs/Games/GDP204/GDP204-Assessment/Content/MAP/Backgrounds/grasslands.uexp" 855
"C:/Devs/Games/GDP204/GDP204-Assessment/Content/MAP/Backgrounds/M_Background.uasset" 856
"C:/Devs/Games/GDP204/GDP204-Assessment/Content/MAP/Backgrounds/M_Background.uexp" 857
"C:/Devs/Games/GDP204/GDP204-Assessment/Content/MAP/Backgrounds/BP_Background.uasset" 858
"C:/Devs/Games/GDP204/GDP204-Assessment/Content/MAP/Backgrounds/BP_Background.uexp" 859
"C:/Devs/Games/GDP204/GDP204-Assessment/Content/MAP/Puzzles/Assets/Shrine.uasset" 860
"C:/Devs/Games/GDP204/GDP204-Assessment/Content/MAP/Puzzles/Assets/Shrine.uexp" 861
"C:/Devs/Games/GDP204/GDP204-Assessment/Content/MAP/Backgrounds/top_grass.uasset" 862
"C:/Devs/Games/GDP204/GDP204-Assessment/Content/MAP/Backgrounds/top_grass.uexp" 863
"C:/Devs/Games/GDP204/GDP204-Assessment/Content/MAP/Backgrounds/bottom_right_grass.uasset" 864
"C:/Devs/Games/GDP204/GDP204-Assessment/Content/MAP/Backgrounds/bottom_right_grass.uexp" 865
"C:/Devs/Games/GDP204/GDP204-Assessment/Content/MAP/Backgrounds/top_left_grass.uasset" 866
"C:/Devs/Games/GDP204/GDP204-Assessment/Content/MAP/Backgrounds/top_left_grass.uexp" 867
"C:/Devs/Games/GDP204/GDP204-Assessment/Content/MAP/Backgrounds/top_round_grass.uasset" 868
"C:/Devs/Games/GDP204/GDP204-Assessment/Content/MAP/Backgrounds/top_round_grass.uexp" 869
"C:/Devs/Games/GDP204/GDP204-Assessment/Content/MAP/Backgrounds/top_right_lava.uasset" 870
"C:/Devs/Games/GDP204/GDP204-Assessment/Content/MAP/Backgrounds/top_right_lava.uexp" 871
"C:/Devs/Games/GDP204/GDP204-Assessment/Content/MAP/Backgrounds/bottom_ice.uasset" 872
"C:/Devs/Games/GDP204/GDP204-Assessment/Content/MAP/Backgrounds/bottom_ice.uexp" 873
"../../../Engine/Content/EngineSky/C_Sky_Horizon_Color.uasset" 874
"../../../Engine/Content/EngineSky/C_Sky_Horizon_Color.uexp" 875
"../../../Engine/Content/EngineSky/T_Sky_Stars.ubulk" 876
"../../../Engine/Content/EngineSky/T_Sky_Stars.uasset" 877
"../../../Engine/Content/EngineSky/T_Sky_Stars.uexp" 878
"../../../Engine/Content/EngineSky/T_Sky_Clouds_M.ubulk" 879
"../../../Engine/Content/EngineSky/T_Sky_Clouds_M.uasset" 880
"../../../Engine/Content/EngineSky/T_Sky_Clouds_M.uexp" 881
"../../../Engine/Content/EngineSky/T_Sky_Blue.ubulk" 882
"../../../Engine/Content/EngineSky/T_Sky_Blue.uasset" 883
"../../../Engine/Content/EngineSky/T_Sky_Blue.uexp" 884
"../../../Engine/Content/EngineSky/M_Sky_Panning_Clouds2.uasset" 885
"../../../Engine/Content/EngineSky/M_Sky_Panning_Clouds2.uexp" 886
"../../../Engine/Content/EngineSky/SM_SkySphere.ubulk" 887
"../../../Engine/Content/EngineSky/SM_SkySphere.uasset" 888
"../../../Engine/Content/EngineSky/SM_SkySphere.uexp" 889
"../../../Engine/Content/EngineSky/C_Sky_Cloud_Color.uasset" 890
"../../../Engine/Content/EngineSky/C_Sky_Cloud_Color.uexp" 891
"../../../Engine/Content/EngineSky/C_Sky_Zenith_Color.uasset" 892
"../../../Engine/Content/EngineSky/C_Sky_Zenith_Color.uexp" 893
"../../../Engine/Content/EngineSky/BP_Sky_Sphere.uasset" 894
"../../../Engine/Content/EngineSky/BP_Sky_Sphere.uexp" 895
"C:/Devs/Games/GDP204/GDP204-Assessment/Content/MAP/Backgrounds/top_right_grass.uasset" 896
"C:/Devs/Games/GDP204/GDP204-Assessment/Content/MAP/Backgrounds/top_right_grass.uexp" 897
"C:/Devs/Games/GDP204/GDP204-Assessment/Content/MAP/Backgrounds/bottom_left_mystic.uasset" 898
"C:/Devs/Games/GDP204/GDP204-Assessment/Content/MAP/Backgrounds/bottom_left_mystic.uexp" 899
"C:/Devs/Games/GDP204/GDP204-Assessment/Content/MAP/Backgrounds/mystic_lands.uasset" 900
"C:/Devs/Games/GDP204/GDP204-Assessment/Content/MAP/Backgrounds/mystic_lands.uexp" 901
"C:/Devs/Games/GDP204/GDP204-Assessment/Content/MAP/Backgrounds/top_lava.uasset" 902
"C:/Devs/Games/GDP204/GDP204-Assessment/Content/MAP/Backgrounds/top_lava.uexp" 903
"C:/Devs/Games/GDP204/GDP204-Assessment/Content/MAP/Backgrounds/shrine_background.uasset" 904
"C:/Devs/Games/GDP204/GDP204-Assessment/Content/MAP/Backgrounds/shrine_background.uexp" 905
"C:/Devs/Games/GDP204/GDP204-Assessment/Content/MAP/Backgrounds/icelands.uasset" 906
"C:/Devs/Games/GDP204/GDP204-Assessment/Content/MAP/Backgrounds/icelands.uexp" 907
"C:/Devs/Games/GDP204/GDP204-Assessment/Content/MAP/Backgrounds/top_left_lava.uasset" 908
"C:/Devs/Games/GDP204/GDP204-Assessment/Content/MAP/Backgrounds/top_left_lava.uexp" 909
"C:/Devs/Games/GDP204/GDP204-Assessment/Content/MAP/MainMap_BuiltData.uasset" 910
"C:/Devs/Games/GDP204/GDP204-Assessment/Content/MAP/MainMap_BuiltData.uexp" 911
"C:/Devs/Games/GDP204/GDP204-Assessment/Content/MAP/Backgrounds/mid_right_grass.uasset" 912
"C:/Devs/Games/GDP204/GDP204-Assessment/Content/MAP/Backgrounds/mid_right_grass.uexp" 913
"C:/Devs/Games/GDP204/GDP204-Assessment/Content/MAP/Backgrounds/bottom_right_ice.uasset" 914
"C:/Devs/Games/GDP204/GDP204-Assessment/Content/MAP/Backgrounds/bottom_right_ice.uexp" 915
"C:/Devs/Games/GDP204/GDP204-Assessment/Content/MAP/Backgrounds/bottom_left_ice.uasset" 916
"C:/Devs/Games/GDP204/GDP204-Assessment/Content/MAP/Backgrounds/bottom_left_ice.uexp" 917
"C:/Devs/Games/GDP204/GDP204-Assessment/Content/MAP/Backgrounds/mid_left_lava.uasset" 918
"C:/Devs/Games/GDP204/GDP204-Assessment/Content/MAP/Backgrounds/mid_left_lava.uexp" 919
"C:/Devs/Games/GDP204/GDP204-Assessment/Content/StarterContent/Audio/Starter_Birds01.ubulk" 920
"C:/Devs/Games/GDP204/GDP204-Assessment/Content/StarterContent/Audio/Starter_Birds01.uasset" 921
"C:/Devs/Games/GDP204/GDP204-Assessment/Content/StarterContent/Audio/Starter_Birds01.uexp" 922
"C:/Devs/Games/GDP204/GDP204-Assessment/Content/StarterContent/Audio/Starter_Wind06.ubulk" 923
"C:/Devs/Games/GDP204/GDP204-Assessment/Content/StarterContent/Audio/Starter_Wind06.uasset" 924
"C:/Devs/Games/GDP204/GDP204-Assessment/Content/StarterContent/Audio/Starter_Wind06.uexp" 925
"C:/Devs/Games/GDP204/GDP204-Assessment/Content/StarterContent/Audio/Starter_Wind05.ubulk" 926
"C:/Devs/Games/GDP204/GDP204-Assessment/Content/StarterContent/Audio/Starter_Wind05.uasset" 927
"C:/Devs/Games/GDP204/GDP204-Assessment/Content/StarterContent/Audio/Starter_Wind05.uexp" 928
"C:/Devs/Games/GDP204/GDP204-Assessment/Content/StarterContent/Audio/Starter_Background_Cue.uasset" 929
"C:/Devs/Games/GDP204/GDP204-Assessment/Content/StarterContent/Audio/Starter_Background_Cue.uexp" 930
"C:/Devs/Games/GDP204/GDP204-Assessment/Content/Player/Base_GM.uasset" 931
"C:/Devs/Games/GDP204/GDP204-Assessment/Content/Player/Base_GM.uexp" 932
"C:/Devs/Games/GDP204/GDP204-Assessment/Content/MAP/Backgrounds/top_round_lava.uasset" 933
"C:/Devs/Games/GDP204/GDP204-Assessment/Content/MAP/Backgrounds/top_round_lava.uexp" 934
"C:/Devs/Games/GDP204/GDP204-Assessment/Content/MAP/Backgrounds/volcanic.uasset" 935
"C:/Devs/Games/GDP204/GDP204-Assessment/Content/MAP/Backgrounds/volcanic.uexp" 936
"C:/Devs/Games/GDP204/GDP204-Assessment/Content/MAP/MainMap.uexp" 937
"C:/Devs/Games/GDP204/GDP204-Assessment/Content/MAP/MainMap.umap" 938
